0	5.582686527451685	4.107458846676304	-4.9669415692900225	16.0
1	5.262622393946414	3.4272453199416533	-3.3636985991407	15.0
0	5.574818080183664	3.977045109930393	-6.455561725832477	17.0
1	5.530165043216584	3.5277561028355438	-5.192605540248351	15.0
2	5.3044502311074755	3.1895404938004215	-1.9268059645976672	13.0
3	5.104831253158987	3.0540923411411622	-1.1931635835295942	13.191454555391674
4	5.186173035207508	3.0960052459311074	0.0	13.527366628995855
5	4.8411749673707085	3.1537823839583727	0.0	17.551716915707875
6	4.53346307136906	2.924099243400028	0.0	17.284074322468733
7	4.529256641625041	3.0471549318327953	-0.7115746438476052	16.363672482668342
8	4.589698259758721	3.011055679399687	-0.42470155581318914	15.795077105480129
9	4.672946690760435	2.990957050356735	-0.8678979289452948	15.908111829094013
10	4.750248616562444	3.333123632682983	-0.0029587924647835884	20.45871979093533
11	4.642895487702988	3.2516868511409447	-0.028510634960560166	18.823669754518374
12	4.744953373267323	3.1941340237442932	-0.5066174811964466	17.22970867668223
13	4.70405544835532	3.242673833727576	0.0	15.497123802029995
14	4.57985611882601	3.1224297178468174	0.0	17.462016387713113
15	4.617788974764845	3.132427579282602	-1.637141088497263	18.54005331430583
16	4.732786632900407	3.177618561242525	0.0	17.358400330823272
17	4.84193496428216	3.3155619721806104	-1.755287653253932	16.642230022492686
18	4.740712457400983	3.2010693099845695	0.0	16.400894849343672
19	4.8287497390633245	3.165187696894949	0.0	16.660695052706213
20	4.935679781052193	3.2013076967993954	0.0	15.741867280114747
21	4.908617057091113	3.243665480617554	0.0	17.76293967932326
22	4.979579758612489	3.1829829197234334	0.0	15.210304158956365
23	4.868743016879312	3.1720397317963234	0.0	19.123237161455734
24	4.9182323574575975	3.211104085332991	-0.15900818190189603	15.880274415376727
25	4.826780229186598	3.208774553598443	0.0	16.60131923943738
26	4.736438797853463	3.2395673700264336	0.0	16.4655896345212
27	4.658735060072648	3.1126167299723924	0.0	15.254261802249697
28	4.592711458343595	3.144897093363214	0.0	16.549102529075853
0	3.7275708796387983	6.821374463763437	-13.85380433746463	15.0
1	3.496447211608345	6.2900250727623455	-15.076614625582101	15.0
2	3.168635743450381	5.9477826850248805	-15.018709970044902	14.0
3	2.8878383644964956	5.640335283548367	-13.764080738630987	13.0
4	2.481624512052729	5.118465996702087	-13.70358010456567	12.0
5	2.4229928229481508	4.934955222932994	-15.209659616431749	12.0
6	2.3906427443942833	4.945498470153898	-13.980920870664683	11.0
7	2.3095901988334657	4.836585776888276	-15.134945226683259	11.0
8	2.3429400812046715	4.880047782951733	-14.128004673563249	11.0
9	2.207966236246394	4.894682491346361	-15.581127104241752	12.0
10	2.3029478086412447	4.862818301756049	-14.03841963866754	11.0
11	2.3387654619032032	4.782790770258564	-12.723499034463302	13.0
12	2.6574836509387216	4.973161772896702	-13.383028791332524	16.0
13	2.473039186617164	4.810795896805048	-13.063418276162178	12.0
14	2.4316051325835257	4.914155365973601	-14.739943221070979	11.0
15	2.442410379098816	4.727542496348806	-13.800051466612874	12.0
16	2.343132611172398	4.821385086943383	-13.808775445452323	11.0
17	2.22499313505671	4.735023771395967	-14.194340492474101	13.0
18	2.2416378226559606	4.8349356693236025	-14.223018909173115	11.0
19	2.3661937189712985	5.017591528091181	-14.851189536178136	11.0
20	2.3181866886773252	5.198390616560176	-15.583201336636629	12.0
21	2.3771828033597595	4.951514756143414	-14.70324237412361	13.0
22	2.2542180764604143	4.821156287723474	-16.315737783235335	12.0
23	2.1857419693263704	4.667376587971873	-12.860611752707797	11.0
24	2.2874146418709493	4.648156760036803	-13.942073922925665	12.0
25	2.3938725395010514	4.728744317789834	-13.595361897035492	11.0
26	2.4188807924732596	4.864359531793868	-13.839818085391105	12.0
27	2.374932697775029	4.903565811247362	-14.232689064696427	12.0
28	2.5123457189097462	4.829751932508559	-14.267876340213851	11.0
29	2.7354377987232246	4.826977585844475	-12.945721014207038	12.0
30	2.615940328729644	4.785504077995994	-13.69386660551363	11.0
31	2.340753211224847	4.93502127721147	-14.364163442649684	12.0
32	2.235082262708151	5.228292506074417	-14.851582708996453	11.0
33	2.0470950411390687	5.32043533434935	-14.383872256281652	11.0
34	2.1685755959155886	5.561002182432056	-14.805522143750597	11.0
35	2.199573409019622	5.357224522597649	-15.551171888987241	12.0
36	2.2528885487746555	5.0386355677987416	-15.087804413038622	11.0
37	2.3876213186519917	4.721953030575356	-14.261509587977654	11.0
38	2.4007852288086338	4.9804304031793585	-14.36381778356659	11.0
39	2.4088479835610443	4.999018620277508	-14.590611779023206	11.0
40	2.24070933874253	4.752644765539938	-12.9909075301065	10.0
41	2.2408473216947633	4.717467699253863	-13.202640264709704	10.0
42	2.4496673036139835	5.00138068700655	-14.33332267032284	11.0
43	2.4132051197473134	4.879477748566165	-14.84483402959286	11.0
44	2.3736545714601487	5.001388730106533	-12.862889577118246	11.0
45	2.4177195436206067	5.184477243582909	-12.880400904750003	11.0
46	2.552448015283331	4.876200637456871	-13.636137967720465	12.0
47	2.9122601029276622	5.1862377703750795	-13.993387177755846	11.0
48	2.7554995671461926	5.301079625426894	-15.795604137170283	13.0
49	2.6584975508275317	5.31848284071197	-14.090614006973464	12.0
50	2.671753217104021	5.190014058738441	-13.059816066309855	13.0
51	2.3535878641896253	5.118596296532021	-14.18488776018712	13.0
52	2.3750348427795953	4.919940753712599	-14.330718669738907	13.0
53	2.4820331168237058	4.809547047743971	-13.855885314304334	11.0
54	2.3567705518288045	4.9240960229845445	-13.7326854477447	12.0
55	2.5897664906004096	5.251753718016355	-15.237179772082325	13.0
56	2.4643812084317687	5.1752000067318615	-15.434601176809611	14.0
57	2.347325719250112	4.923107200930929	-14.293762426525198	11.0
58	2.1864394214628557	4.8884564282153535	-15.795191385891926	12.0
59	2.3743101764925254	4.834392584867484	-15.525391651314315	10.0
60	2.437293685750007	4.901658100496854	-14.793848326304856	14.0
61	2.511503973861124	4.81173613761618	-14.964295284178416	11.0
62	2.2952453511899624	4.619696800752628	-16.342391823503586	13.0
63	2.4726844589394763	5.027161447360228	-15.518323906391279	13.0
64	2.342449941800372	4.827441722063194	-13.016617187043396	10.0
65	2.400360274793121	4.765734387352117	-13.347564087813772	13.0
66	2.4509309485414352	4.8427203996132695	-14.563313347546956	13.0
67	2.4943259311035026	4.462425356816937	-12.383346507310545	11.0
68	2.489124611840145	4.792494057130598	-13.29360445879651	11.0
69	2.239206736520566	4.787769438145071	-13.92965283679228	11.0
70	2.1960712176046555	4.961945774771493	-14.822943991563688	13.0
71	2.3346272275309374	4.986831063837522	-14.883045151797358	11.0
72	2.2768754116464023	4.9380805982439515	-15.245614969539233	12.0
73	2.285378338960987	4.870873320333938	-14.997978095331522	12.0
74	2.3204176804167944	4.520151852754102	-14.252778128165888	11.0
75	2.3218545855789663	4.868447738688538	-15.968457688453624	12.0
76	2.391475178326587	4.860068876618692	-16.050410314533693	11.0
77	2.3417507671992124	4.388807442117357	-13.261700840647755	13.0
78	2.3807944323719568	4.55292833653653	-12.855851177969853	11.0
79	2.3439805283115485	4.6221239062493185	-11.272765993006406	13.0
80	2.2850326265733147	4.799930693944521	-14.144183889879523	10.0
81	2.3405889669769158	5.0042426576382955	-16.584351881744833	11.0
82	2.2854830588412085	4.94428350994439	-14.230762453785902	12.0
83	2.3663652817384015	5.162985264684585	-14.915190207681281	11.0
84	2.2009142056303395	4.4734938645709725	-13.995701444314902	11.0
85	2.0824654133163087	4.146173060365863	-13.56505055599066	11.0
86	2.1093009943593173	4.554345922603129	-15.36666594515269	13.0
87	2.3619876524449035	4.641650786023231	-13.85947122257625	10.0
88	2.230591108095111	4.551666451596595	-14.202800965074537	12.0
89	2.096574595521741	4.210821877821294	-12.16137726392349	10.0
90	2.2700369146453943	4.677716900448741	-13.577320201813766	11.0
91	2.1329847516351377	4.482929925234131	-14.354861654504223	11.0
92	2.400865246997378	4.887117782051902	-14.62801125703717	11.0
93	2.323639540801773	5.0589544952685745	-16.23639832324942	12.0
94	2.177673487520425	4.610440313317947	-13.314352222494666	11.0
95	2.3146198671333167	4.811159964285917	-13.823551981499307	12.0
96	2.1799501839190945	4.717451828036884	-14.860793949519403	11.0
97	2.0497406784016556	4.789000698515291	-15.624006887140458	14.0
98	2.361663075865111	4.9241114624652385	-14.138008139496376	11.0
99	2.4750093805641	4.889905395197383	-13.565226542575118	11.0
0	3.648222354056004	6.372890440384699	-13.395733890048959	15.0
1	3.2157368448275045	5.811894894357451	-13.898320268971544	14.0
2	2.81390036466926	5.164480777970242	-12.675492645689364	13.0
3	2.4084869069828505	4.625091558914033	-14.401884118229319	11.0
4	2.063711911435693	4.05219955060501	-13.023721865508918	10.0
5	1.9802614729866523	4.064248419414672	-14.31516802589412	9.0
6	1.6926428772072493	3.5158063781279467	-14.864469308469278	8.0
7	1.777834125936154	3.649623651094673	-13.717384330710304	10.0
8	1.790508967954955	3.480518039859941	-12.474316576144224	10.0
9	1.7693437876958475	3.691931322531891	-12.645903783794644	10.0
10	1.4191282755580277	3.7249219755682543	-13.867680660507297	9.0
11	1.2612486515838743	3.6287858147748824	-13.48272533945024	8.0
12	1.2750215898458168	3.7307363157164564	-14.348151509965984	9.0
13	1.2125373379582356	3.6812766131610535	-14.081499235827351	9.0
14	1.2182352673698942	3.2953837810296203	-13.236759676481642	10.0
15	1.1368818571239974	3.3713986635594706	-13.85783978005217	8.0
16	1.1840721105049021	3.1589841315025353	-12.335706130316744	8.0
17	1.0372141440154146	3.0876523879747104	-13.214274945767157	9.0
18	1.253837472104099	3.497882847348876	-14.260501613404681	9.0
19	1.170838448681225	2.9908687999720556	-13.06312218827855	9.0
20	1.1405492169574005	2.8340416165213043	-12.676619035529727	7.0
21	1.064109551337109	2.793696066656772	-13.329318761055678	8.0
22	1.1639954528174976	2.823836811674618	-13.809292251827209	9.0
23	1.2320743160559453	3.0136362293262384	-13.667124108276964	9.0
24	1.0620093570840765	2.7767884602868986	-12.741838292835086	9.0
25	1.0336712433554436	2.433243258354559	-12.618724186877307	9.0
26	1.0458887881241519	2.5384681075150044	-11.905016737179487	7.0
27	1.1818290488721233	2.6472196525503646	-12.81547553067246	8.0
28	1.123955293416409	2.735277714808343	-12.930200148858148	8.0
29	1.2529707030278532	2.7846602913039167	-12.867407089538347	9.0
30	1.3155134746329742	2.9431450627023876	-12.574348507193498	9.0
31	1.254826296613542	2.9829599589709765	-12.697972311207131	9.0
32	1.1706608687382556	3.0225980350315345	-13.528351413431798	8.0
33	1.185141005670755	3.0598050769476246	-13.528351413431798	8.0
34	1.3168953215884922	3.0499932071693805	-13.055962706680855	8.0
35	1.3879473596391345	3.130944972014547	-13.067796738610907	9.0
36	1.3590572462688353	3.033594946532761	-12.784639481429812	9.0
37	1.5107075369107683	3.005656347787462	-13.034536846293811	9.0
38	1.298101217652262	2.927466508921232	-12.984565745763453	9.0
39	1.281909604311735	3.0948768802378037	-12.930200148858148	8.0
40	1.0900888116125556	2.6954357055135576	-13.411742166119947	8.0
41	1.1034196430846341	2.5269199868175627	-12.81547553067246	9.0
42	1.0602536792923931	2.515833049353028	-12.643676313753328	8.0
43	1.1665830147497565	2.8601904969483036	-12.705383953668886	8.0
44	1.0708289439023855	2.5429642700722277	-12.780214665850838	7.0
45	1.1786275110168192	2.7962682227514035	-13.32902150753414	8.0
46	1.1635094236865924	2.9522372503744223	-13.533750895209643	8.0
47	1.2869790230897933	2.9677192014273546	-14.699826166141504	8.0
48	1.1921789351188625	2.780781074877691	-13.724367984792657	8.0
49	1.3735855395733272	3.1387451369310537	-13.598772955526204	9.0
50	1.1599010624673187	3.1818094852543615	-13.528351413431798	7.0
51	1.213383922756025	3.0768689398216287	-13.357034441377543	9.0
52	1.2010674095203695	2.5744999090908323	-7.595754931285507	8.0
53	1.1875190162419567	2.9823361654002762	-13.96348620418218	9.0
54	1.1619371906088927	2.844376164295057	-12.697366302083198	8.0
55	1.08265634093523	2.719450975369392	-12.645903783794644	8.0
56	1.1611294022066014	2.887712082213614	-13.528351413431798	8.0
57	1.058464735075077	2.763634016228061	-13.465583870216216	8.0
58	1.0813295232186027	2.9617147445318586	-13.09145488702072	8.0
59	1.2804386458673156	2.9863100073838815	-14.058717364316347	9.0
60	1.2240366824126474	2.761585033189951	-14.216436379809494	9.0
61	1.2975589198266262	3.150351854590718	-13.44264398412173	10.0
62	1.2987599441692361	2.930887024888955	-14.944402835186404	8.0
63	1.411170072752029	3.103387213559168	-14.234055588504138	8.0
64	1.4357756986853591	3.091475487797128	-12.93967972060023	8.0
65	1.3938562784499664	2.9618842743153815	-12.895123426501257	8.0
66	1.6708757947865336	3.1516503299362033	-12.930200148858148	9.0
67	1.5184638313278989	3.0247435097322417	-13.326453425338336	7.0
68	1.5567877685930709	3.3534378555385755	-13.362850313320994	9.0
69	1.4171881590751112	3.2511829870776836	-13.44273618867965	9.0
70	1.4189198483301453	3.133194433894688	-13.118477703039831	8.0
71	1.4688868103754449	3.1262245786687606	-12.82265983522472	9.0
72	1.5795216744502458	3.023725569271052	-12.030585533882748	9.0
73	1.4651672480739437	3.266160228477079	-13.728889174392778	9.0
74	1.3923214863916193	3.1498428172264106	-12.954093183567752	8.0
75	1.4298672773079724	3.245455135140856	-13.444218121408099	9.0
76	1.3080534594594528	3.1046511951632554	-11.618321252862913	8.0
77	1.5189555961071128	3.23273449153556	-14.365534014326183	9.0
78	1.2754355932177222	2.8833706260463092	-12.166208891450577	9.0
79	1.292155573296225	3.20886607797841	-14.073322667780525	7.0
80	1.2627562608474225	2.914441136400145	-11.336700504165906	9.0
81	1.3736819542762342	3.3618654788977085	-14.160691122465106	8.0
82	1.4515816516975664	3.513506608338431	-13.381646804225182	8.0
83	1.5534160351190254	3.6480490947633504	-11.096930341808992	11.0
84	1.4655312016843443	3.7247644225998844	-13.485523629264833	9.0
85	1.4793278757453787	3.622504573940522	-13.146471405546047	8.0
86	1.6166851388589878	3.5514914286009533	-13.664688648272964	10.0
87	1.6095046886587059	3.480983714120759	-12.989977289839935	9.0
88	1.7735149946717095	3.86312677355286	-13.122190992699682	9.0
89	1.68285133281148	3.7641493486295037	-13.333696410519838	10.0
90	1.5150454684726937	3.4963557142417265	-14.229238581421118	10.0
91	1.5153637534439584	3.5431491208859662	-12.535331574578679	8.0
92	1.4293156505372726	3.2885969109381987	-12.924104236700718	8.0
93	1.2863605164090945	2.981234197774093	-12.702533818233723	9.0
94	1.2748144393352818	2.976127946674162	-12.677766507407519	9.0
95	1.195622214525245	3.25320848629938	-15.110598044628432	8.0
96	1.3044782578581293	2.833949594441355	-14.327376919508698	8.0
97	1.3357407904441958	2.921546565101941	-13.345013613953522	7.0
98	1.4616225656265702	3.25443943741946	-12.69940404055401	8.0
99	1.4099426273470845	3.5157549429682406	-14.45463068633924	10.0
