0	36.81952200649138	2.8649989723752958	31.04338624291732	43.98553706826834
1	35.996754156236854	2.9161667790316557	28.950955626388787	45.87636322846935
2	35.889459380847654	3.1027847903233057	28.77561353382171	46.08177568173333
3	34.579521318076985	3.3381711151473894	27.967188965737382	45.40740691287151
4	33.79678171616084	3.755277209471774	23.78152619822682	46.455992138351974
5	31.541166884568987	3.251650977040949	23.78152619822682	41.79039949352498
6	29.795982157861204	2.13917278282806	23.78152619822682	35.418813206840724
7	28.855187620776938	2.4565775760337436	23.78152619822682	37.10145604700078
8	27.858603137822776	2.721148140424485	23.78152619822682	34.50693867381939
9	25.944995969170677	2.1797357587380235	21.105604578010865	33.030527119544814
10	24.49015002207216	2.7002803742409554	19.05931464567929	37.2828507462029
11	23.401992903974683	2.424781300152492	19.05931464567929	31.587061907805758
12	22.629091995416367	2.6724490659303455	19.05931464567929	32.61177856468929
13	21.495483940040096	2.9508779217831957	19.05931464567929	32.33818140485256
14	20.62155630391884	2.5126157993371674	19.05931464567929	30.091465557150688
15	20.20645587017346	2.417768585415475	19.05931464567929	32.23869698405735
16	20.435169234111765	2.2107976586395277	19.05931464567929	27.222281274975114
17	21.20347585608066	2.8635208171510897	19.05931464567929	31.944293372991776
18	21.173839363090046	2.304150963210549	19.05931464567929	28.157187747485697
19	20.96129260421448	2.1409634613454123	19.05931464567929	30.868965135325823
20	21.020185939141616	2.598505315935221	19.459591834571025	35.0490080702801
21	21.210066693202542	2.6981838316832127	19.05931464567929	28.8252155822199
22	20.634708673260633	1.98965622516641	19.459591834571025	26.933788811323527
23	20.704578181599818	2.1992094173196195	19.459591834571025	29.273653188734603
24	20.368385141554615	1.830271642108358	19.459591834571025	26.933788811323527
25	20.77427818440396	2.874330974781663	19.459591834571025	35.98550924838249
26	20.519813865742673	2.1296261623947133	19.459591834571025	28.023162517056186
27	20.34524067072913	1.8607581955517871	19.459591834571025	29.602634838337316
28	20.360137481866428	2.0790608514211173	19.459591834571025	27.693730393615585
29	20.571108457306135	2.589446398240067	19.459591834571025	31.873256885063228
30	20.588621415932344	2.274318672012142	19.459591834571025	28.82886419302035
31	20.930971402206396	2.5549635164347846	19.459591834571025	30.990930940835796
32	20.051224225496092	1.4752849141456374	19.459591834571025	27.693730393615585
33	21.292958420510736	2.977608227685724	19.459591834571025	33.12541671467784
34	20.70033100053175	2.4771645355446075	19.459591834571025	28.69303302703882
35	20.32184978899238	1.8451157495212882	19.459591834571025	27.693730393615585
36	20.586401171696604	2.2701376554201964	19.459591834571025	31.564372924577025
37	20.581035086129138	2.1526918930392345	19.459591834571025	29.51219373287
38	20.65648558037866	2.305533754763325	19.459591834571025	28.69303302703882
39	20.338315371518163	1.9728349427078247	19.459591834571025	29.058282883883905
40	20.312138868271433	1.9192768013162158	19.459591834571025	29.847471921941676
41	20.70775811880471	2.595930496769029	19.459591834571025	35.52705694574327
42	20.6909827169517	2.575106460086388	19.459591834571025	33.901456042708375
43	20.77988865679439	2.4476125188212197	19.459591834571025	28.7452271527166
44	20.942514619381456	2.7752435671525006	19.459591834571025	32.01347500684707
45	20.433911842858446	1.7978577312345452	19.459591834571025	27.376938480384283
46	20.729737942740133	2.33463937738477	19.459591834571025	29.50306664258808
47	20.223944840467965	1.7258385797429743	19.459591834571025	27.236482753272686
48	20.535196526381387	2.261086393898849	19.459591834571025	29.5417649813765
49	20.389668373761015	1.85208832501038	19.459591834571025	27.693730393615585
50	20.32699209239905	2.1103894321619077	19.459591834571025	28.22887933697298
51	20.73633793198984	2.3065424260312826	19.459591834571025	31.84097172145552
52	20.516343594401416	2.1064859443274444	19.459591834571025	29.42200827421084
53	20.1651864791858	1.7028460471835196	19.459591834571025	28.659911464382922
54	20.608846955513144	2.5359710510383757	19.459591834571025	30.239814256299184
55	20.76207879352262	2.5999956996716995	19.459591834571025	32.0369199326489
56	20.570976527610796	2.5265452310556773	19.459591834571025	31.564372924577025
57	20.561100200217147	2.4179085101316558	19.459591834571025	29.712481756636976
58	20.391104453272213	2.421591198320222	19.459591834571025	32.10674973331882
59	20.7466856999429	2.5074093023634947	19.459591834571025	33.658776799466146
60	21.003619620241007	2.856621218715388	19.459591834571025	33.77932164984747
61	20.626867137602797	2.168431439035466	19.459591834571025	28.772040486920073
62	20.634771891730324	2.3664169252739473	19.459591834571025	32.30991447559173
63	20.45045468580276	2.08644062084115	19.459591834571025	27.6781018542448
64	20.539334884297418	2.3779920513916966	19.459591834571025	31.48912070167059
65	21.00281195704702	2.6684606364972474	19.459591834571025	31.564372924577025
66	20.586340519338936	2.3662308755249897	19.459591834571025	33.473264901214385
67	20.40429927744395	1.8835242485107015	19.459591834571025	27.693730393615585
68	20.666006203011907	2.4174933234188916	19.459591834571025	31.948877402267907
69	20.556399660282626	2.3611698700679375	19.459591834571025	31.606887539872083
70	20.760924203191927	2.196408232015233	19.459591834571025	28.8917491187317
71	21.051258849565414	3.1372351319090743	19.459591834571025	37.07787258489368
72	20.442488346367814	2.361901106544062	19.459591834571025	35.74606993760012
73	20.417840606399015	1.9824343589559719	19.459591834571025	28.029844639344756
74	20.765964588477978	2.516114343104181	19.459591834571025	29.849965841272304
75	20.520214297182555	2.3666419246106836	19.459591834571025	29.905595933911748
76	20.752139341152606	2.559729691372839	19.459591834571025	30.934034030820914
77	20.911671005342292	2.837727661139578	19.459591834571025	33.01535579652426
78	20.44259842972421	2.1716615292802603	19.459591834571025	28.4152972683342
79	20.373467754496463	2.0147404383127894	19.459591834571025	29.388174899456686
80	20.39822547640291	1.9579335588137323	19.459591834571025	27.352081852942398
81	20.204761559539335	1.8708489768468355	19.459591834571025	30.625844613274378
82	20.33900310818592	1.8137730324773043	19.459591834571025	27.12641738152852
83	20.786537465419357	2.62209780549271	19.459591834571025	35.52705694574327
84	20.720126181774813	2.2473781321719937	19.459591834571025	28.3414904332068
85	20.31355597978567	1.880099932844637	19.459591834571025	28.235189896661886
86	20.459245608634703	2.0888831132936465	19.459591834571025	30.002593548154465
87	20.689134966632388	2.485805320145187	19.459591834571025	29.450526112933826
88	20.607559796311865	2.1470607995532958	19.459591834571025	31.68254252913552
89	20.664536115411412	2.1259489452214857	19.459591834571025	27.693730393615585
90	20.639275819101826	2.30548773886647	19.459591834571025	27.348506642453355
91	20.330129099104205	1.8507795491315424	19.459591834571025	28.82886419302035
92	20.611398465079716	2.5653671123920856	19.459591834571025	29.992086257552256
93	20.550407621145	2.097927682976669	19.459591834571025	27.376938480384283
94	20.346169296246398	2.108934170759126	19.459591834571025	31.337971250937002
95	20.576953121200827	2.2376644183681376	19.459591834571025	27.693730393615585
96	20.919416882235055	2.5565018243022704	19.459591834571025	29.48835600210601
97	20.57296147637636	2.2018752744897028	19.459591834571025	27.47693748497473
98	20.03959771492706	1.6311853200628033	19.459591834571025	27.693730393615585
99	20.99547742990593	2.4959679066827216	19.459591834571025	27.693730393615585
0	39.19778421155705	2.7742683559138364	32.17390778930347	46.20441178957123
1	38.14964034832396	3.0898391563931984	32.17390778930347	46.17928151328725
2	36.933124587439316	3.144993648205832	30.180921235427416	45.999175665270144
3	36.322273950392685	3.1646191305327123	28.58295986529163	45.571228209195844
4	35.81505465526237	2.8430900137678767	28.444747678434048	44.221354534320525
5	34.2260825061512	3.092209640332537	28.444747678434048	42.38023618041015
6	33.65914986644779	3.136890909897801	27.22507348259	43.58013092022813
7	32.788856622684335	2.853147964432015	26.819156339516702	39.30080511946344
8	32.713685455680036	2.8386213959178113	27.933949484649446	40.9492343978308
9	31.10524441990755	2.151478970531197	28.19736532541137	36.24867154124347
10	30.293580750406054	2.32233863439505	28.19736532541137	39.96903903151671
11	29.255466171719966	1.3286530017722484	27.44960120900638	34.81871865753319
12	29.440253383656103	1.9607883109146917	26.026288288490765	35.75093207740352
13	28.948266117809066	1.500151980219742	27.44960120900638	34.430831911974174
14	28.661366759547573	1.5911221515800429	27.343279702679716	33.41516093963509
15	28.24607074887092	1.6700856200822844	26.468167572809364	36.492797296225625
16	28.336389553061	1.746548725908216	26.52439085876156	34.165625392549515
17	28.056428786127764	1.391016242653455	26.52439085876156	33.67484780523456
18	28.140502907614497	1.8947755787180858	26.52439085876156	35.21544690467977
19	27.445332372026797	1.5269712267175688	26.468167572809364	32.47552813035706
20	27.34262749708328	1.5049067145044335	26.52439085876156	32.27158151696516
21	27.655048847052583	2.1632622102947927	25.74510180612208	35.11519556704886
22	27.543938407252167	2.1844126306123846	25.824584895485398	40.09924053314464
23	27.44280194168479	1.4836570968092413	25.824584895485398	32.859293296371746
24	27.68066527625579	1.95243247047291	25.824584895485398	34.51229278959764
25	27.323053329513257	1.564336592793996	26.52439085876156	33.682443494044605
26	27.41318276674729	1.7587579805629596	25.824584895485398	33.79219131996231
27	27.435262355940527	1.7097898890667742	25.824584895485398	35.10263745082517
28	27.44042946822151	1.5809445772149837	26.52439085876156	32.859293296371746
29	27.295627656460884	1.5908619853802908	26.52439085876156	34.01317166113336
30	27.40887254276433	1.5171009279164789	25.824584895485398	32.859293296371746
31	27.624385021965267	1.9155251406865705	26.52439085876156	35.02750843501157
32	27.57088466411355	1.7182955429378837	26.52439085876156	32.859293296371746
33	27.25003667903859	1.5362499408644212	25.824584895485398	35.495860388449756
34	27.417206531314132	1.8213138693489912	25.824584895485398	35.29796884918255
35	27.344064730560213	1.6069244561018763	25.824584895485398	32.635404293752444
36	27.27175668466296	1.6469713223203284	26.52439085876156	34.479387111558545
37	27.129514630708606	1.612104805251664	25.824584895485398	38.168285598663644
38	27.254049234016193	1.406340195012883	26.52439085876156	32.27158151696516
39	27.19417396502813	1.5067632647886402	25.824584895485398	34.11308437065373
40	27.27454694257869	1.4427709723701652	26.52439085876156	32.859293296371746
41	27.508680024019558	1.859367458222435	25.824584895485398	33.5178150454903
42	27.60969930508821	1.9103532793394553	25.824584895485398	34.69966170413621
43	27.628831495669296	1.900043040364695	26.52439085876156	35.33703357824354
44	27.249707400527377	1.506010656937097	26.52439085876156	33.55651275556851
45	27.434962156794587	1.6443233888718316	25.824584895485398	33.71007226233358
46	27.515098261412987	1.7038725957889678	26.52439085876156	35.55337359690716
47	27.461503805345316	1.8713725336796248	26.52439085876156	38.168285598663644
48	27.1788142519221	1.549533193848284	26.52439085876156	34.094519156434025
49	27.3532008015304	1.6733570109518392	25.824584895485398	35.495860388449756
50	27.155843261094088	1.3106503999899102	26.52439085876156	31.376781224332557
51	27.369041988683847	1.6046038863515146	26.52439085876156	32.859293296371746
52	27.27316923935455	1.5756559667905523	25.824584895485398	33.682443494044605
53	27.21587463536364	1.5245997369115116	25.824584895485398	33.787772528849025
54	27.549272854076758	1.8299440173012234	25.824584895485398	35.04500523468172
55	27.5561907289207	1.8298208516723442	26.52439085876156	33.84784608462661
56	27.67550356145073	1.6919100672513747	26.52439085876156	32.859293296371746
57	27.378237495262315	1.6283524244230974	25.824584895485398	32.27158151696516
58	27.438511330659107	1.6830717624318654	26.52439085876156	34.59239663561754
59	27.34312805556643	1.8182286747280967	25.824584895485398	36.45655122687395
60	27.164548960855033	1.399697537074335	25.824584895485398	32.859293296371746
61	27.435031379375005	1.7906619600647082	26.52439085876156	35.91266722251341
62	27.400485813415866	1.6299614484349936	25.824584895485398	32.37716811414211
63	27.174387574378155	1.3357290412890634	26.52439085876156	32.859293296371746
64	27.307454539476474	1.7181490987590735	25.824584895485398	35.29796884918255
65	27.498526191092456	1.708774164587629	25.824584895485398	34.85067357128446
66	27.426714354784032	1.7266473119260672	26.52439085876156	35.52411306974878
67	27.230408169356878	1.536679010827981	26.52439085876156	34.59239663561754
68	27.79562044231018	2.059504143116801	26.52439085876156	36.32719880126216
69	27.535400624331558	1.9198710444888096	26.52439085876156	36.33155508655564
70	27.68357658890817	2.034464352485983	25.824584895485398	36.24341948184802
71	27.527224664460995	1.815639634278279	26.52439085876156	33.203804323235275
72	27.347122742713882	1.6246573065590117	25.824584895485398	34.264973101584715
73	27.28318684247838	1.6975008238084568	26.52439085876156	34.3620861313123
74	27.44329381283195	2.0377984513826997	25.824584895485398	38.56788575521094
75	27.314912708793308	1.7833378340051353	26.52439085876156	37.21313038330547
76	27.404619843354812	1.8183222877150698	26.52439085876156	34.41519708773387
77	27.189544262416646	1.4697157461985142	26.20403442416982	36.01918215455848
78	27.60247497518224	1.9577746198035746	26.52439085876156	35.495860388449756
79	27.270928192927602	1.7220473561971545	25.824584895485398	37.66564676414344
80	27.528157098209068	1.5198307628666667	26.52439085876156	32.27158151696516
81	27.335146652740843	1.5829247661949477	25.824584895485398	36.27312634890457
82	27.386814097227088	1.778176224146551	25.824584895485398	34.49119346994581
83	27.197793833075107	1.3893758216510363	26.52439085876156	32.859293296371746
84	27.449167677338956	1.814283805582081	26.52439085876156	34.79351571921178
85	27.249231963951416	1.6212602272848113	26.52439085876156	34.88822637243776
86	27.50370744537473	1.8562100333562541	26.52439085876156	34.40939594234718
87	27.352775899220497	1.7340924901278774	26.52439085876156	35.94620087441309
88	27.284406835586875	1.7258596124850687	25.824584895485398	34.53143586274139
89	27.2299501311746	1.5752808631432667	25.824584895485398	32.86350212570058
90	27.52182797206365	1.7449650807743895	26.52439085876156	33.49361866710107
91	27.369363725101596	1.9843002146044817	26.52439085876156	38.28320552987841
92	27.295586160169204	1.514673676135691	26.52439085876156	35.33703357824354
93	27.404673541254773	1.7471491240224901	25.824584895485398	32.859293296371746
94	27.489524074121526	1.947416449314149	25.74510180612208	36.39089378664262
95	27.263629091017524	1.5985794855240931	25.824584895485398	32.62862914262658
96	27.311045370534863	1.8861217389116267	25.824584895485398	37.39579308627497
97	27.513175114085197	1.7529562654410487	26.52439085876156	35.52411306974878
98	27.442231809475672	1.6036605678394347	26.52439085876156	33.74603636220878
99	27.526090887529126	1.7186773467800243	25.824584895485398	32.859293296371746
0	27.587363775715723	3.2808254158473855	19.517267654419676	33.98224974469031
1	26.932117163703136	3.0292102493942843	20.266503362692013	33.68677693892675
2	26.467051133716954	3.263264228152403	18.834120458748124	36.773592513736176
3	26.025648039870326	2.9158306185170453	20.119733085998583	34.664787628430055
4	26.011221744794117	3.0163076619835065	19.079669577835062	33.076566637126795
5	25.32108433628319	2.7139374792916438	19.079669577835062	31.480982106414885
6	25.68904991775407	3.4407611256465547	19.079669577835062	36.01055967014737
7	25.00688341385575	3.14850442158964	18.98036490891404	33.6200590911006
8	24.717917976176587	3.489249479161511	18.7330508390898	35.23027625212101
9	25.21092511653123	3.2809291935975198	19.10543473817355	33.60894536531197
10	24.571418950407473	3.213718719985055	18.773969085951578	31.766247702749354
11	25.393955882776932	3.338280894256934	19.134129870086	35.544163527567314
12	24.449953993501946	3.3840587976131045	18.523234278401667	33.532491416891794
13	25.193917663693565	4.419554510367077	17.621394774976856	36.31522235347658
14	23.49594443593288	3.913797953938402	17.621394774976856	33.44574975682913
15	20.279793819358616	2.2114149985024336	17.17285582702081	27.856724315559703
16	18.895326271516495	1.3118415859911172	16.611878139264384	24.280663039824496
17	18.661087062206374	1.9361011376053554	15.220755911562337	24.783706772863
18	17.94601275989143	1.4033317424313523	15.373506069184968	23.482723348659206
0	24.335751408111474	3.5018643728842105	15.245886085568017	33.52103574857976
1	23.340257694820952	3.158080383861946	13.96874414915695	32.718035287417464
2	23.07439370491601	4.108543986380695	12.882056581601496	36.1952800115476
3	21.70153963440656	3.930362882976774	13.043456591364095	31.89138352301933
4	20.126908757781045	3.5850981268123254	13.089826770288953	28.370363205221445
5	18.28399155822272	3.476133804793217	13.089826770288953	26.583823071334535
6	16.178943814616513	3.3139672641749245	12.521329599773985	29.364819275109678
7	14.38906822487904	1.6291532450325932	12.11891660089384	21.252432097707498
8	14.83791982257267	2.1436288273525705	12.11891660089384	21.41767413993996
9	14.185625243095672	1.6201568257509074	11.535861812183322	20.63554390735041
10	13.846658407586453	1.986164414247383	11.535861812183322	20.27480093266243
11	13.381617640285768	1.680648870906427	11.535861812183322	19.284783590651287
12	12.751358109322803	1.8851269577883805	10.55895870917358	20.796628492760792
13	12.34731746195997	1.4931328003522797	11.535861812183322	20.18626408525689
14	12.653961201546746	1.888312992586976	11.46505354523475	20.18626408525689
15	12.448280084697348	1.9171579492395243	10.55895870917358	20.350179000685966
16	12.355939732815107	1.378309762097775	11.650704453846037	17.237334788474513
17	12.78373875012672	2.1593761177336392	10.55895870917358	24.039521369193928
18	12.377866226354751	1.7719540087685348	11.46505354523475	20.18626408525689
19	12.40194601678893	1.7548824672953736	10.55895870917358	21.07061086713446
20	12.249797837046128	1.5208512726677048	10.55895870917358	20.134094124369362
21	12.347544617103967	1.563028853781623	11.535861812183322	20.18626408525689
22	12.373071342255514	1.6688905670769123	10.55895870917358	20.18626408525689
23	12.478593952524712	1.8068800105101879	10.55895870917358	20.18626408525689
24	12.65514596941207	1.8079596821686943	11.650704453846037	20.871005104752115
25	12.202902134346614	1.5033114230012732	11.650704453846037	20.18626408525689
26	12.403716139196643	1.6782216936216598	10.55895870917358	20.18626408525689
27	12.288735089958664	1.483525056631293	11.46505354523475	20.385093483992343
28	12.313707268426917	1.4717136838725662	11.083480039547618	18.869474396940305
29	12.50247779095368	1.9321890904682486	11.46505354523475	20.18626408525689
30	12.637689260950596	1.9691514096161238	11.535861812183322	20.18626408525689
31	12.728114749838781	2.037396207040463	11.650704453846037	20.407095753919464
32	12.355648116382097	1.5685690974333453	11.46505354523475	19.89761665099656
33	12.249183394436873	1.2824931975756595	11.46505354523475	17.196532641801465
34	12.498923448943948	1.8924101406966327	10.55895870917358	20.935479792224
35	12.270192987872592	1.4793240821344245	10.55895870917358	20.18626408525689
36	12.463978064780163	1.6450689011266562	11.46505354523475	20.18626408525689
37	12.233894210184225	1.5002297686700758	11.46505354523475	22.900896956930268
38	12.612547681597487	1.7157754111570893	10.55895870917358	20.18626408525689
39	12.649312407709802	1.90337651855237	11.46505354523475	22.900896956930268
40	12.545120775782632	2.0126102195172937	11.46505354523475	24.07501625479216
41	12.44508135386523	1.865196764029439	10.55895870917358	20.18626408525689
42	12.218080543913603	1.4064965456507061	10.55895870917358	20.18626408525689
43	12.127395771591711	1.2603225610960203	10.55895870917358	19.389686676099316
44	12.471294267932887	1.7105185263842886	11.46505354523475	20.18626408525689
45	12.519041328576828	1.8922140779528795	11.535861812183322	21.8071454409641
46	12.845346234094045	1.9587317491773875	11.46505354523475	20.18626408525689
47	12.664869674857771	1.9936665629803443	10.55895870917358	20.19371706262187
48	12.600117126994032	2.1310993194612537	10.55895870917358	20.684896256313973
49	12.228159968621076	1.3394294459385008	10.55895870917358	17.38819077824457
50	12.620062714995418	1.7054187611142648	10.55895870917358	18.137044990807546
51	12.638292919790702	1.8238133371248118	11.46505354523475	20.18626408525689
52	12.611076430952794	1.8048769771177207	10.55895870917358	20.18626408525689
53	12.492938562894272	1.7768070166521184	10.55895870917358	19.33303024314869
54	12.726026115046793	1.9325637075479842	11.46505354523475	20.18626408525689
55	12.293275680945111	1.438036134816176	10.55895870917358	17.478424042190987
56	12.70669718147582	2.008059654346029	10.55895870917358	20.18626408525689
57	12.463463270223265	1.684653879795146	11.650704453846037	20.18626408525689
58	12.401227103617103	1.5594580825105093	10.55895870917358	18.38839062962865
59	12.507914895072954	1.724894022683735	11.650704453846037	20.18626408525689
60	12.520369121636625	2.1580797886507823	11.624965214718118	23.868438157131823
61	12.593128289824186	2.020170537393786	10.55895870917358	20.18626408525689
62	12.70158221995087	2.2005822484255355	10.55895870917358	24.179421100867195
63	12.284316048192414	1.4225666847406617	11.46505354523475	20.18626408525689
64	12.399796925062095	1.924891295688259	10.55895870917358	22.289601402633714
65	12.634990239304882	1.7010009543409759	10.55895870917358	20.18626408525689
66	12.481977465653493	1.7050408578159137	10.55895870917358	20.134094124369362
67	12.25031396329545	1.2400682119057036	11.535861812183322	17.196532641801465
68	12.477862314005186	1.604187164885405	10.55895870917358	19.38023714921249
69	12.294209186588922	1.5088032219430512	10.55895870917358	20.37787970742562
70	12.572099861436806	1.6859192643340748	11.650704453846037	20.18626408525689
71	11.960510575815043	0.9678826664784768	10.55895870917358	17.196532641801465
72	12.511520595135423	1.651400518688448	10.55895870917358	20.18626408525689
73	12.324932390298214	1.2811962563458459	11.535861812183322	17.74639950002063
74	12.631180708949506	2.0889326472659446	10.55895870917358	23.216092010331508
75	12.254961576369777	1.3670350624899377	11.535861812183322	18.54912899739611
76	12.616732873413998	1.83596788863816	11.650704453846037	20.173587878939713
77	12.131794320961435	1.322508488685998	10.55895870917358	17.76709245271183
78	12.509371430603029	1.771532501353444	11.46505354523475	20.18626408525689
79	12.42967995188515	1.7694722144028434	10.55895870917358	19.836663380527334
80	12.316829384385715	1.3760883079083153	10.55895870917358	18.44958597176911
81	12.577540082272563	1.7821072256860055	10.55895870917358	20.18626408525689
82	12.491281138150937	1.6100702527651822	11.46505354523475	20.58121648176212
83	12.225721217105313	1.1938480889736072	11.46505354523475	17.74639950002063
84	12.319503540911368	1.5214476021862953	11.229180492645156	20.18626408525689
85	12.33029256885062	1.5377850879008645	10.55895870917358	19.54131357254886
86	12.403169403628583	1.7755099919041883	10.55895870917358	20.57628618169494
87	12.857530026670469	2.225179658489663	10.55895870917358	20.18626408525689
88	12.720221200711007	2.084081860206077	11.46505354523475	20.18626408525689
89	12.355401323972298	1.6264663446307668	11.46505354523475	20.27480093266243
90	12.928558021044326	2.322127984051694	11.535861812183322	25.78695062919821
91	12.341234104314767	1.3640161045990074	10.441665087118718	17.689625598723186
92	12.790798057364563	1.9462385638311581	11.650704453846037	20.935479792224
93	12.227339324605316	1.3527268335663234	11.46505354523475	20.18626408525689
94	12.48186145743699	1.9060066378464762	11.46505354523475	23.56855460485452
95	12.233269856540874	1.278963394272858	10.55895870917358	17.74639950002063
96	12.550391408927252	1.683461594976761	10.55895870917358	19.544614730383515
97	12.361438642813601	1.6150935910675317	11.46505354523475	20.18626408525689
98	12.61994592927496	1.9707092300417006	10.55895870917358	20.18626408525689
99	12.175957940288713	1.390871558371856	10.55895870917358	18.90138801107247
0	69.53526496181551	26.895793400718684	24.0322947506786	92.48989388342154
1	65.47680566992864	26.34120825146628	21.76492473500827	90.54460656877004
2	66.22120644931692	24.129132885998498	26.776335091253433	90.65355612750429
3	66.95974990975289	24.272418186436305	27.725352537925968	92.59856229283336
4	61.73611852714239	23.1682713265761	27.200796982244846	90.64202337551471
5	64.47049650110229	28.91947759928117	17.99017044763136	94.4862672817284
6	68.81554131168622	26.929876762955335	23.94724276698939	94.45562860771835
7	66.02845939233212	25.542317095644833	24.662611287727923	91.51827602064543
8	70.26818692390762	27.89432124229262	22.8675644228358	92.06442525168455
9	63.12669819956515	27.673629165552377	21.53824470333776	96.76354730655446
10	57.166951158307405	29.15924624613069	16.8588592228518	96.27552463147914
11	69.45759004605617	30.356012247715892	17.703870903597455	93.51280352520641
12	66.22584338425672	29.06072423202603	18.67733878538668	95.84570986289245
13	66.44996956891882	32.52746110972141	12.257864218299861	96.7179785373688
14	64.43592712270228	34.49438458356384	6.814020253899307	96.5245024172057
15	57.47568906375803	33.49136887058255	5.260603166849222	95.67735975766989
16	61.300469509643385	34.72517714752838	4.082962004936612	95.007134502924
17	57.01240836552922	33.97492981491873	4.647596017719824	96.76303536543423
18	58.31706269922254	32.98959766244984	7.080412444758596	96.29700356549311
19	55.89655499446076	32.90698904175487	6.277325448993511	96.48352313136591
20	58.13279841092813	31.929992184286217	9.269389232501023	95.7912011990098
21	56.918527492954354	32.23882724629602	7.713731812704694	96.47159193279347
22	57.06285633894485	32.97697324129207	6.062582464074049	95.18504711304199
23	57.66725737319063	33.98874059654151	5.132526771129088	97.28491497841834
24	57.59825891644678	32.624214708520846	7.013740920214862	95.05679345172632
25	59.86456416392522	33.7621070345583	5.873856091716586	96.03991731465425
26	57.77356389649825	33.54945020849425	5.963022361499649	96.89913528084446
27	65.61982877846839	33.80401858911196	9.241782022531337	97.48966590389011
28	52.95173715952285	32.79837561178027	6.411465363560105	96.21219211600399
29	57.585474966536744	33.824204221206806	5.284447660392589	96.89032193859778
30	64.63957053122829	35.01664885178541	5.946791369984137	96.71971936109871
31	57.69698954402796	31.063804166426316	10.67312890157307	95.88023509953321
32	57.893876234129785	33.360086666863005	6.690501447527576	97.2814035087719
33	55.31794228385258	32.758282143343116	7.144033674685382	96.98124444271372
34	57.48679594959792	33.32238295522072	6.166635986403766	96.49097848716177
35	57.73735820029722	33.32267378372225	6.210442100666776	96.85139075483906
36	58.83048499460345	32.02663532485881	9.938266679542322	96.83597768215463
37	64.60255981576115	35.17411220127744	5.8238047551024	97.42608669510827
38	60.98026151685957	32.71251332497877	8.395083216205098	95.00412918930161
39	57.568804673692206	32.77207134870335	6.598707810228479	94.99571330924705
40	55.19501043615992	33.28195820150175	5.373364897677036	97.0917481450662
41	55.08158588571227	31.63370343151666	7.316182564596891	93.35823583105996
42	57.38929931891031	33.89916055942645	5.388442778710022	97.51801372997708
43	55.70804880809291	32.743783063187145	7.449740799974095	97.3065297793094
44	56.918962780516374	32.902799388174195	6.422271202604213	96.27527316314507
45	58.59576365814459	33.26312964530105	7.266489236279036	97.49210401112562
46	57.759384493047506	32.85511363300517	6.496868491096273	95.05658244991349
47	57.2855024356598	32.753774531852514	6.263127269850744	94.56714716512656
48	56.6101305820114	32.74015473608469	7.420234956987562	96.33728030335341
49	57.54577406424962	32.6318635983595	7.160137367472085	95.78071545183158
50	57.569620565275	33.20321184592304	6.455460896164776	96.43141667492822
51	63.42301613978445	34.947568367272176	5.383798761935156	96.40768315653817
52	55.88230552400141	33.60593521350752	6.173343067226754	97.32657762052189
53	62.723381405231194	34.257110690983616	6.272955300551963	96.80647598278787
54	57.94631263276667	33.43227448189231	6.690055762152855	97.47826566416035
55	56.75384361051717	32.22156674247954	8.820858345917804	96.29805610434406
56	59.39648117168574	31.054575309825026	12.474045346356915	96.86434488383519
57	62.010626485710546	34.686577637416505	5.173689684196801	96.78402453980549
58	57.85924871048413	33.49761180468772	6.391381824128225	97.41454224787547
59	57.80469321022084	33.24761966284198	6.738404565931073	96.93563698466698
60	54.45721784814358	33.425391006223734	5.452009246132084	96.95345329727483
61	64.31558512384123	35.637996906742146	4.690578287452078	96.86033736378565
62	64.4035299400729	34.905344329690664	6.139989852395246	96.83821509158841
63	62.17722827424826	34.63467782830578	5.548617137097721	96.84746371403045
64	58.25653918044955	32.505740378902125	8.551464736940197	96.81130992945087
65	55.04735276778011	32.93624446136074	6.609967115176172	96.82691987339668
66	63.509456370432176	34.69604555901845	6.346490414534455	97.51445005611662
67	63.566974185105174	34.97194701953108	5.590611206525833	96.74289694979352
68	56.188532383502846	32.35165828589944	6.626716297363212	94.6543256700508
69	55.18061847261	32.708879417702185	6.5819750333627125	96.01417650134137
70	57.25115331151836	33.37790210643799	6.208151058562605	96.80531422600392
71	57.35663067701872	33.55198824484011	6.065485291340869	97.4035724742245
72	63.45030478824987	33.987720714336625	7.16232917220688	95.98040700040707
73	65.89479281168371	35.86120163594517	5.496572671172722	97.46520763187416
74	57.64990627957001	32.55334955761274	8.219091736522234	96.64482261033989
75	64.51434170980124	35.42810837230444	5.149349708180266	96.86389013285569
76	60.99540681680624	34.240845285729456	6.341688575782261	96.84886363636362
77	65.0572989560816	33.541619527706295	9.425295187716932	96.7992912634592
78	55.11478172502907	32.68178340242645	6.569417609841806	95.70792994883887
79	60.97215792907713	34.790856956597096	4.2280035588037155	96.67145345076385
80	57.56561162759642	33.405821044424	6.403259604314932	97.12984015984003
81	58.145089151994746	33.70090407065354	5.467490954686958	96.37278936172059
82	56.983917259897304	32.02881383656619	9.620144592918262	97.39590130079243
83	58.76112218878445	31.464147542792126	11.03581908109195	96.69866754934223
84	63.423972621102884	35.14143282658485	4.74125327535816	96.46772082878964
85	58.259164119579296	32.97219278362148	7.842199569623672	96.44459447294992
86	58.311069646759435	32.727533701533346	7.973381152877723	96.75841473202796
87	57.84318610244511	33.50188871604749	6.054269479049815	96.88247175113744
88	57.35869134878294	33.39673877631	5.911704945257846	96.37878852484369
89	64.81501936824893	35.495042713922835	5.293261037463731	96.8928496790566
90	65.26984648116425	34.970824031494594	6.605796897360433	97.01448278552111
91	57.84103178062962	33.40136057692096	6.412544771634097	96.97387280385784
92	57.22157885238803	33.24001719270729	6.14268804737711	96.48524446015328
93	60.06379086502683	31.221217913803624	12.268526325549162	97.01169328755535
94	57.77469364601486	33.149880109875966	6.927982484867725	96.88885566188198
95	58.13082766480737	32.3520061779209	9.188294638510571	97.141296095209
96	59.117722099353394	34.093116192300386	5.790546046730749	97.46176046176035
97	64.4917708391735	34.841448275119475	6.136588996672439	96.58348369188073
98	57.04828140652257	33.28714344932128	6.299168100554958	97.41966464158483
99	58.58711815228857	31.510109869677592	10.995703431762083	96.61970443349757
