0	3.8009412787228913	6.659246189162191	-14.36345372940492	16.0
1	3.1496081025327047	5.8429392713720985	-15.333783071662449	15.0
2	2.5989296136265403	5.300913933263808	-14.41227306412631	13.0
3	2.2378279333883984	5.195321115387328	-14.191565068573986	13.0
4	1.894076412199779	4.593627246277391	-14.353966770437443	11.0
5	1.7739159917662817	4.490645950248089	-14.838634458022156	11.0
6	1.727328119339931	4.561439797636844	-14.367631433057731	10.0
7	1.8161295369162933	4.331666949661032	-14.020695653360079	11.0
8	1.54458847402114	3.8868527722604735	-12.205169434765185	10.0
9	1.3958158262367621	3.6967108063350795	-11.952694333577229	8.0
10	1.4190471946729522	3.8956077422710944	-12.529069385917165	12.0
11	1.3316818212609594	3.799414231296782	-12.525490943627489	9.0
12	1.264768138111334	3.7390489270296396	-13.138352611657739	8.0
13	1.3166338534116522	3.9128345731437193	-12.354293507636719	10.0
14	1.3527199400203114	3.772184981633562	-12.797113679809774	9.0
15	1.3214637158659528	3.9480170236014267	-13.782086647861506	10.0
16	1.351684906677765	3.630724079451293	-14.083102641202595	9.0
17	1.2195726245266827	3.7138346758664462	-12.462998073941812	11.0
18	1.2546687204308595	3.814018528405929	-14.147287111740628	9.0
19	1.1698854856135512	3.896397249840994	-13.67114525624182	10.0
20	1.2827401806185361	4.060407339432522	-14.798079539300147	10.0
21	1.232483376470181	3.9769243484328625	-13.897732790109083	9.0
22	1.1486596599180867	3.769245257364077	-14.039647747295096	9.0
23	1.143548120336248	3.8709897749601407	-13.113269892347386	8.0
24	1.0711908712292215	3.7550387503192466	-12.368681807140081	9.0
25	1.123592679312841	3.6704687882230225	-13.964192482197607	12.0
26	1.1723944873976118	3.663516473797536	-12.6250559720169	9.0
27	1.062319873122165	3.7331256033267617	-11.549705542873786	9.0
28	1.1281871991289945	4.08978806886063	-14.378792807186024	11.0
29	1.2466382453829714	4.109237672344118	-13.64032280627077	10.0
30	0.957689432478045	4.068923477224954	-13.221871719834326	9.0
31	0.948843547135325	4.36698462525047	-14.176189686545364	10.0
32	0.9708411416390508	4.404526884693426	-13.757020759849249	12.0
33	0.8486699957482984	4.2716286487451205	-13.550881273783254	9.0
34	0.7831978173781733	4.237268068289518	-13.75298691970522	10.0
35	0.8726767335503447	4.169085915368264	-14.07928963341551	10.0
36	0.8881642148301007	4.48775831385916	-13.658963839670466	10.0
37	0.6247133304943778	4.556375325704346	-14.445978371826495	11.0
38	0.8173907699416167	4.506911714279869	-13.904188558218546	9.0
39	0.775395780668014	4.876417802349802	-14.4518263962591	11.0
40	0.7842253041517159	5.113531769177823	-14.161489207113013	11.0
41	0.6295244456351634	5.28145057905279	-14.995556846818664	11.0
42	0.71693128505976	5.208000512508875	-14.161489207113013	12.0
43	0.6825592371581184	5.294444638155874	-14.29023179166579	10.0
44	0.595334901002786	5.04674848396672	-14.16896907283926	10.0
45	0.568432715938116	5.084368652625866	-13.971258675953669	9.0
46	0.6426673300807868	5.225196844574342	-14.040437368662431	10.0
47	0.7127256161017247	5.157133712226726	-15.456519503609957	10.0
48	0.6773745537548554	5.343075674801222	-14.989899869081023	11.0
49	0.623892358614187	5.094407053337957	-14.531312509095756	13.0
50	0.5826025474820079	5.238614999670109	-16.21287176042971	9.0
51	0.5066764687811305	5.094430210354172	-14.364501899381445	9.0
52	0.7151133264009024	5.255676615156242	-14.917265701525654	10.0
53	0.6570299476924968	5.3059298324683555	-14.364501899381445	9.0
54	0.7772273516573984	5.269073640927908	-15.321447630395532	11.0
55	0.7471143391433517	5.37543949141534	-15.277235117742837	11.0
56	0.3831776001434283	5.402006172312864	-15.212319923441513	12.0
57	0.5555107778564474	5.483795911833251	-14.487738576000828	12.0
58	0.6707943604674159	5.367303309597176	-14.563003672140486	10.0
59	0.6922866290878835	5.22687070582807	-15.62324238865284	10.0
60	0.7366807424531387	5.173121821983972	-14.240888748581888	9.0
61	0.7349312791295383	5.274082250901842	-13.754003207555417	12.0
62	0.6346435171614113	5.303277420304719	-14.88450148556019	10.0
63	0.5904961388538826	5.342693236880689	-15.017214773253032	9.0
64	0.49835494290879295	5.216936589603167	-14.525823033354097	10.0
65	0.3989126098942279	5.20559825506609	-13.660620640416175	12.0
66	0.534196122957784	5.11727565275458	-15.635733136592936	11.0
67	0.46044356310476003	5.016999801344165	-15.0810545820939	10.0
68	0.5145674174770272	5.029832395863846	-13.274111897592576	12.0
69	0.6061534000049215	5.048260450184355	-14.452782216404607	10.0
70	0.6713723749965884	5.131447748665047	-15.200196742150125	12.0
71	0.6833569038374968	4.870331335908233	-14.643529504764992	9.0
72	0.7535635558447162	4.592577409796505	-13.682483738824578	10.0
73	0.7905304910193033	4.448661429172595	-15.205578850322325	11.0
74	0.67100719884059	4.68564139721398	-14.33450150892386	11.0
75	0.7938205984053236	4.56795636107317	-13.875567040687603	9.0
76	0.6814504978784646	4.75711116403282	-14.364501899381445	9.0
77	0.7373230118794306	4.596110557415368	-15.140468063587527	10.0
78	0.9495075405381301	4.648812806689103	-14.658637420055744	9.0
79	0.9678401062269397	4.501525392896086	-14.357950477622087	11.0
80	0.9014301801703593	4.069777745660033	-13.0261490329039	10.0
81	0.8657963018989974	3.774620463043567	-12.478143030817957	8.0
82	0.8630372829857366	3.555213698265958	-12.346524900445237	8.0
83	0.8757280829900904	3.5928154631028852	-12.412031688921306	8.0
84	1.011195113304332	3.5216186922295845	-10.439271121448353	8.0
85	1.0159108410946058	3.735110003627963	-13.704063925857701	8.0
86	1.021264772070342	3.701128982305874	-12.711191175262535	10.0
87	0.9735301261825274	3.5332637580603863	-13.764367329603024	8.0
88	1.0052015078082988	3.5376095090663124	-12.197439766197103	8.0
89	1.2574456741729998	3.7512527164282647	-12.583639560411829	9.0
90	1.1658624202263763	3.74151941973052	-12.138938184854611	11.0
91	1.3304386470674445	4.12326071511377	-15.260473249256922	9.0
92	1.2325427853004611	3.8577765213142863	-13.698955410117156	14.0
93	1.0796198597227444	3.598115154927189	-12.49786997879573	9.0
94	0.9812955705361532	3.374773728454351	-12.261593848314783	8.0
95	0.855656590960249	3.4823377132969178	-12.588861882377861	9.0
96	0.9603469590524027	3.5064347111789878	-11.699257728008451	8.0
97	0.9548765173309435	3.6785508324977108	-12.761011364709708	10.0
98	0.8888417804565123	3.410641423688957	-12.92515652693763	9.0
99	0.6934329099722317	3.213248803213009	-12.18282702808684	10.0
0	3.7792135401150126	6.61212225169696	-14.79715568263474	14.0
1	3.424150645272317	5.963376618659363	-14.79715568263474	14.0
2	2.667102059203887	4.967115846926574	-14.516000549675343	11.0
3	2.4184679608102715	4.508935631121163	-15.664282205766856	12.0
4	2.2438012634108926	4.28643000313684	-14.162834117538974	11.0
5	2.142160096894628	4.232685733148266	-14.990295121783006	11.0
6	2.160581765509182	4.536919577527387	-14.0998373691435	10.0
7	1.8851210209469156	4.326295604751543	-13.342270758902492	10.0
8	1.7075815672539016	4.374304414647189	-13.868450017506987	11.0
9	1.5022175288011177	4.409467064923031	-13.825382701876508	10.0
10	1.3718443472349475	4.285041846440004	-13.437261614785935	10.0
11	1.3069350107923323	4.655520920388954	-14.807263887929853	11.0
12	1.1277168678868472	4.58428097558386	-14.6891998715328	9.0
13	1.1773518485669174	4.58322035457558	-13.377730148847998	11.0
14	1.3262340621085875	4.275682480489462	-14.40120830200345	11.0
15	1.3541874479314382	3.925464103417946	-13.062137990579677	9.0
16	1.3888064416349624	3.9690968081852804	-14.851776629460655	9.0
17	1.3267728074503335	3.7910296720492327	-12.008608147259062	9.0
18	1.161230433512015	3.705782584170153	-13.844913057730144	8.0
19	1.254249824214541	3.57884053793859	-10.727376225816528	9.0
20	1.0715655674641507	3.5160685491167842	-12.57309798452559	8.0
21	0.9207041358186687	3.4232953157298964	-11.301275184237198	9.0
22	0.8910430803444137	3.646819525057537	-13.91476541121376	10.0
23	1.0251033235093021	3.607591126049372	-14.533463766612261	8.0
24	1.0131692960514935	3.6854104906187732	-13.30907609008564	10.0
25	1.0096106631715691	3.4710266621293204	-13.42478289263151	9.0
26	1.0200660863626665	3.6689314375381907	-11.831477132351807	10.0
27	1.0798559814204585	3.6558800767543334	-13.357553455535438	10.0
28	1.2440974261654072	3.6793448191586404	-13.25120030565996	9.0
29	1.3374025338296374	3.98783365769641	-13.893595534754965	10.0
30	1.2217703628608374	4.028120711822551	-13.848616726893987	9.0
31	1.1085315318094051	4.567954010697046	-14.413879051138093	10.0
32	1.009450019803807	4.572373083646704	-16.861156498687407	11.0
33	0.9785316290105863	4.570877159163979	-14.085674265369295	10.0
34	1.0466951118010919	4.644146147328893	-14.621800492926708	10.0
35	1.0423660700942303	4.551160359390523	-15.359121655377823	11.0
36	1.042834147880412	4.45777717448073	-14.5876804543104	10.0
37	0.9501939008780487	4.896050503191954	-15.62619136748863	13.0
38	1.2262529195987064	4.839679815015737	-14.881241967661136	11.0
39	1.2485370799318363	4.349191855020194	-14.038945632294377	11.0
40	1.3427110919750378	3.865040039641528	-13.706065610829679	10.0
41	1.3205852525757518	4.252744134374931	-14.893060966554694	11.0
42	1.2717617048384338	4.497536819817854	-14.274358585191589	12.0
43	1.2989184348362814	4.655744485041752	-14.756811755764112	11.0
44	1.3243639286449465	4.648809145529756	-14.947502996669542	12.0
45	1.299695053087386	4.803807497791205	-13.544414324186063	12.0
46	1.3557057630075071	4.643141405118696	-13.443208912507814	11.0
47	1.2675526416318321	4.630433963337419	-14.033599368250854	11.0
48	1.3605206214472305	4.71680051645362	-13.908666351485163	13.0
49	1.3762071981967086	4.873181197829259	-14.92174409183268	13.0
50	1.245669594727798	4.821728074875486	-16.325141244696837	14.0
51	1.270680491488563	4.717519960482059	-14.032356711516803	12.0
52	1.2871967610688742	4.68519897668437	-13.779355135162529	12.0
53	1.3785063667400812	4.775530789550834	-13.898900033054648	13.0
54	1.5433331605593172	4.785772095082286	-16.091521578768223	11.0
55	1.5167819325614982	4.915387465301987	-14.01605704878772	12.0
56	1.4554599639876262	4.849892131798482	-14.779819836370127	13.0
57	1.4458991391322007	4.827984732832813	-14.93161209135063	12.0
58	1.3836583980061639	4.666531025160577	-14.36074346519026	11.0
59	1.3785345191550593	4.693562663106403	-14.001314279884225	12.0
60	1.3254022158067136	4.606796492271547	-13.857420737537758	11.0
61	1.2581307314392205	4.606724301216345	-13.662337524027418	12.0
62	1.4337935970111062	4.758321481237745	-13.662337524027418	12.0
63	1.364463639135474	4.710538031032085	-13.783877864167646	12.0
64	1.276070622870404	4.6753965116867215	-13.945054264837932	14.0
65	1.4086007223617742	4.633278648118269	-13.503234680180611	11.0
66	1.5389983526315902	4.504141353644146	-13.095018912153204	10.0
67	1.4441636154980688	4.566445718244538	-13.780737398180563	12.0
68	1.400433950339064	4.673398050656461	-13.783877864167646	13.0
69	1.4785474865806578	4.693391829957729	-14.250540770750248	12.0
70	1.351333828390861	4.725388293315444	-14.35510529562777	12.0
71	1.405369299906269	4.662493761284144	-14.108102783511969	12.0
72	1.517652520801117	4.692092013946165	-13.361279890389259	12.0
73	1.5682213883526193	4.661680546998735	-12.576786869415624	11.0
74	1.3962572635559154	4.688810636359728	-13.783877864167646	12.0
75	1.460137959356234	4.65665559047819	-13.16352385430203	12.0
76	1.5125450536136174	4.813007613816206	-14.810894813562209	12.0
77	1.380724895972271	4.523911273533235	-14.426685643945259	11.0
78	1.4288231932040465	4.594033372169384	-13.783877864167646	12.0
79	1.290023826426586	4.4574821596324945	-13.81761159344443	12.0
80	1.102577741746943	4.004888624647454	-12.636826011111365	10.0
81	1.0601356652235074	3.896412008290137	-11.08677494508347	11.0
82	0.9487363756987791	3.7960722355196412	-15.16040567912528	10.0
83	0.9895344612294495	3.6924397095191868	-12.772186639866034	9.0
84	1.059991851782803	3.585044765297001	-14.908106592834917	9.0
85	0.9910517718800278	3.4507415908100536	-12.148824495358209	9.0
86	1.0017113359765875	3.5007767829006182	-11.2752118633843	7.0
87	0.9474635393781383	3.4307038270666785	-12.622139322950481	9.0
88	0.9186200159629107	3.6452013734592903	-12.847604429248257	9.0
89	0.9024261987712966	3.5869054639859677	-14.020942420480926	8.0
90	0.9061900197737074	3.4617797972101108	-11.336301056903961	8.0
91	0.9837375225489173	3.5080088678648376	-12.205613888633854	10.0
92	0.9694862138889214	3.4839382668020504	-11.7780269608406	8.0
93	0.9978588955334657	3.5364605599373915	-12.479571304903915	8.0
94	1.1103508958877355	3.675740761218936	-12.262303320780047	9.0
95	0.9278260837324761	3.6896019625467376	-13.7881967988528	8.0
96	0.9984695551342518	3.555361015307178	-11.294743975578237	8.0
97	1.0475319767840092	3.694485054205229	-12.336634059349716	8.0
98	0.8876520508820941	3.7069858453011437	-13.826078740857723	10.0
99	0.8711541783865463	3.6988659399416632	-12.065317309714139	10.0
0	3.4571576533781534	6.373385694571173	-14.079736042184468	14.0
1	3.012657448556725	5.6282254872726325	-15.307992340786175	13.0
0	3.7344696332933136	6.573884113189209	-13.193223440073458	16.0
1	3.052240130544473	6.079327361520299	-14.563585318895205	14.0
0	3.8128815404147702	6.814694773921688	-13.298808297237763	15.0
1	3.3457350239642776	6.4733254892527965	-14.12177776016709	15.0
2	2.717128324719234	5.996543659173788	-14.061730163305205	12.0
3	2.1982531822605726	5.584291165303909	-14.348235374779271	12.0
4	1.9986921419515413	5.340468295634582	-13.23861006727399	12.0
5	1.6329554790348766	4.9880476868120995	-13.056864502925475	10.0
6	1.6107099772745064	5.122790406582122	-13.101082208129398	11.0
7	1.5739695068395405	5.042218645686741	-13.48860441548365	10.0
8	1.5744435168176432	4.9499732521291	-14.321386891808745	10.0
9	1.5602409125180776	4.689599862226134	-13.811050399959369	11.0
10	1.4811891751212254	4.65736908503006	-13.675438963192018	9.0
11	1.5234789219895837	4.362705116495401	-13.271528163372542	10.0
12	1.3576876608660475	4.521009168709455	-14.042027785721201	11.0
13	1.236682040126363	4.5307964424835205	-14.163117364121495	10.0
14	1.3567653144722223	4.502122537364601	-13.135333930128064	10.0
15	1.2678236423837592	4.371280639354213	-12.945746141212412	11.0
16	1.2138166285765288	4.353055922397838	-14.164571964005578	9.0
17	1.4569324302032998	4.606326385871978	-14.0167778206557	10.0
18	1.4129970615602068	4.557312993742543	-15.10879770887581	10.0
19	1.322576214378323	4.468853461895167	-14.681779403508191	10.0
20	1.4309520770253603	4.195851487964737	-12.772955638009021	10.0
21	1.3170324189611191	3.8987303051647912	-12.219990473916821	9.0
22	1.1983405183795406	3.6112901687873795	-12.512815227843006	9.0
23	1.328230559772651	3.724950634033454	-12.0158548101505	10.0
24	1.3292949570139911	3.9132274637945184	-13.263815202396021	9.0
25	1.2972402152318678	3.7506551361045357	-10.83369719162692	10.0
26	1.322940124526255	3.7686457604630057	-11.801804162564846	11.0
27	1.3504572957724972	3.7763797781755373	-12.326011797178458	9.0
28	1.4423453608933445	3.8715165416256996	-12.759970564424691	9.0
29	1.6082403035928008	4.008971505538869	-11.499628583708843	9.0
30	1.4539039407032066	3.828762069372418	-10.864140708559223	10.0
31	1.3708805296379045	3.7541298323801517	-11.738029886055367	9.0
32	1.5500741699891547	3.898944469218087	-12.806542667946767	10.0
33	1.428918508054836	3.7769160576266865	-12.238328983212806	9.0
34	1.6335815161418428	3.8660984802800678	-12.153928458966607	11.0
35	1.5682856533538663	3.8380577705929433	-12.159663055891048	10.0
36	1.608806035016654	3.8086061279834507	-11.197803204199996	10.0
37	1.6236258109357575	3.84731540638109	-13.338710262017976	10.0
38	1.5502718630989285	3.939325763392801	-13.25154425139704	10.0
39	1.529728874638639	3.9371599198541105	-13.457606624026166	9.0
40	1.656830661487632	4.276757468576667	-15.610617933322064	9.0
41	1.3557673135498622	4.094879344721836	-14.066018219645953	9.0
42	1.3709323242133087	4.164140826330279	-14.290157860671508	10.0
43	1.2997407678518593	3.953814706773321	-14.233117014319927	9.0
44	1.0875286635188717	3.6722056922708264	-12.298356369136743	8.0
45	1.084030874825844	3.609316618231167	-13.691952829378906	9.0
46	1.214021026112106	3.5532016803216395	-12.03809712323508	10.0
47	0.9579753502210043	3.5241267605052258	-10.891746218688747	9.0
48	0.9971403866464185	3.449487104180787	-12.060627192477707	8.0
49	0.9983115485625957	3.645822779257286	-10.956682670999555	8.0
50	0.9560027069112795	3.458621174795677	-10.838438894141708	7.0
51	0.9140487469693559	3.519873899535812	-10.371759616582114	9.0
52	0.8256411440213252	3.419456277644986	-11.720105681798396	8.0
53	0.8959177354874204	3.3760586132799837	-11.273494001806888	8.0
54	0.8667448259075488	3.415460323782067	-11.331094594906292	7.0
55	1.056834025701935	3.5291004490629065	-10.333209124560078	8.0
56	1.0733043714494372	3.598744821938423	-11.195277993465485	9.0
57	1.0958019709760776	3.611819542870375	-12.529656838161396	9.0
58	0.9716408449032097	3.551649529907012	-11.612548157849613	8.0
59	0.9642803253738282	3.601574960704543	-12.183660251192292	9.0
60	0.930302422533314	3.6010123848953866	-12.209131134215246	7.0
61	0.9289296628870917	3.511314991828249	-11.442510207993973	9.0
62	0.8282631131773799	3.6130672243780437	-11.589534364448717	8.0
63	0.9061645400375854	3.6419401987758953	-12.43914401575669	8.0
64	0.8308526816173011	3.5423208561834776	-11.57871309593964	9.0
65	0.7583562435769485	3.509422626793913	-13.418487224002634	8.0
66	0.7883696389699667	3.382340936287215	-11.082776915800157	7.0
67	0.8020153386339642	3.4393028441617948	-11.2356821712296	9.0
68	0.862638925658771	3.535887906478869	-13.217727462022374	8.0
69	0.9607650986229248	3.650455959202026	-12.025057621176009	9.0
70	0.9150181988018515	3.5910907466763473	-12.761006701390524	8.0
71	0.8644155886577589	3.443878983642878	-13.420079609783764	9.0
72	0.864303729735698	3.414905568484995	-10.791487836000977	9.0
73	0.9689113081248432	3.5502591663428262	-12.576678587445162	9.0
74	0.966986180274661	3.6666860890401622	-13.32115908347303	8.0
75	1.0714732406551981	3.741517553602248	-12.75760398005962	8.0
76	1.127664151115114	3.7202421506746384	-11.39164884884689	9.0
77	1.092474317779963	3.7288107056270188	-12.164982214632705	9.0
78	1.0762090570118892	3.843460931941605	-13.414410361889058	9.0
79	1.073143198863149	3.7308050574715494	-12.717118562066016	8.0
80	1.0616181931185462	3.455098748638928	-10.570699661281957	8.0
81	1.0341927659739374	3.585017280230839	-12.959971315033734	8.0
82	1.046551288389121	3.862458187185314	-13.601933172523836	11.0
83	0.9026171477027104	4.084425950146116	-14.579004069532381	10.0
84	1.1128585309358343	4.064627278534229	-15.254878031054089	9.0
85	1.0703685928835625	3.9530119895068228	-15.254878031054089	8.0
86	1.0553610941388836	3.86416769397931	-15.479893266747805	9.0
87	1.0611307782826436	4.023374015164083	-14.391949785043202	12.0
88	0.896944417080829	3.737666394001196	-12.155623398172875	10.0
89	1.026483937471608	3.783510378931521	-11.172789762122036	8.0
90	1.2453077028765829	3.9232989892056587	-11.301620314398644	10.0
91	1.2546723609471606	3.8006059965026675	-12.286928046676426	9.0
92	1.3553041627348428	3.6996103852452933	-12.54055226674192	10.0
93	1.39114947559146	3.9057626542391977	-12.37386166698659	10.0
94	1.1720907303293646	3.7792603816546024	-14.115367638596659	9.0
95	0.985736194314868	3.6183324860410075	-12.94910722494312	8.0
96	0.9523717336522965	3.582942947113456	-11.201522129090215	11.0
97	0.712814996983689	3.5446980637010173	-12.12160039049353	9.0
98	0.591540730959989	3.4154437309008383	-13.516455561353807	8.0
99	0.5986119510038383	3.469955285556138	-11.952479056960957	8.0
0	2.99132030908361	7.0450428711043624	-15.009159063764443	19.0
1	2.9680886941903912	7.1446628277917155	-15.009159063764443	19.0
2	3.0828590888495353	7.29198936873916	-13.667864471457017	19.0
3	2.8866793755254827	7.299000746292981	-15.114447973389453	18.0
4	2.6186532607977298	7.297607362563524	-15.242456023017535	19.0
5	2.4015230446375755	7.353952407103269	-15.114447973389453	19.0
6	2.3913122311647776	7.410988804030778	-16.256335883064303	18.0
7	2.285672111696592	7.35224780405107	-16.81233320490474	18.0
8	2.258927318886703	7.490859772015266	-16.450536964168336	17.0
9	2.1168529241051655	7.6026317184530114	-16.450536964168336	17.0
10	2.000627125376364	7.7241735507118605	-17.99223737976853	18.0
11	1.9080267147774235	7.757787133593822	-17.244726135055366	16.0
12	1.7401063985809522	7.722957248012942	-17.929044141505514	17.0
13	1.679206061379822	7.740770033375766	-17.929044141505514	16.0
14	1.5321174476448314	7.886381421587084	-17.929044141505514	19.0
15	1.398921473027851	8.027230702975496	-17.964353988557754	17.0
16	1.367767838402188	7.961440048873936	-18.69010883183566	17.0
17	1.2585753190478217	8.035571906318646	-18.263829734194807	17.0
18	1.3718365184109202	7.932483992283785	-18.32081457315141	18.0
19	1.2688773635247106	7.965885491925782	-18.159694255372585	17.0
20	1.2008614756695881	7.98784325647915	-19.782548406137515	17.0
21	1.0679185537829208	8.212557368799432	-19.970381870257032	18.0
22	0.8790576085567526	8.462759626090708	-22.00096469462516	17.0
23	0.9077295128188608	8.660622668936973	-22.00096469462516	18.0
24	0.8714836676052752	8.696644807224445	-22.00096469462516	18.0
25	0.9815888770739805	8.510794131915603	-22.00096469462516	19.0
26	0.8603237925848252	8.611735410824242	-22.142385200854292	18.0
27	0.7760546046518068	8.556428676458392	-22.142385200854292	18.0
28	0.7152644568538682	8.607887026155547	-22.142385200854292	19.0
29	0.6354717886594958	8.707377819524496	-23.56534972240878	19.0
30	0.7283261523128697	8.65357489467529	-22.00096469462516	18.0
31	0.8552115820824601	8.63514881224012	-22.246583129845135	18.0
32	0.8158457510444227	8.655428063538693	-22.142385200854292	17.0
33	0.8446057724892009	8.738973362475843	-22.363166430035513	17.0
34	0.9040776382846515	8.420619054203055	-23.61460629515158	19.0
35	0.9032625971994787	8.316452680490913	-20.76930903028407	18.0
36	0.9141987370529526	8.341259979303857	-20.76930903028407	16.0
37	0.8066056059730395	8.361507373116499	-20.76930903028407	17.0
38	0.8425223522381246	8.454887789671679	-22.05592862154404	17.0
39	0.7170660780235806	8.483673241739208	-22.42218462850153	17.0
40	0.6628052700670021	8.467170964044705	-22.42218462850153	17.0
41	0.6449252764163004	8.596205424800724	-23.617395613195754	17.0
42	0.5215026582501147	8.61244176645948	-23.131387431501892	17.0
43	0.400086316816593	8.684356904680627	-25.03949937735966	17.0
44	0.38693460925452394	8.801046199352367	-25.03949937735966	16.0
45	0.31210677746541615	9.010738090360455	-25.03949937735966	17.0
46	0.4235096931896349	8.871511925696375	-25.03949937735966	16.0
47	0.5104456405950123	8.826725983664701	-23.56534972240878	18.0
48	0.5724354615610292	8.725254527266491	-25.03949937735966	16.0
49	0.48768776771841704	8.83197404856546	-25.03949937735966	16.0
50	0.4463852841862578	8.89127331917512	-25.03949937735966	17.0
51	0.2550277331072032	9.115259087935865	-25.03949937735966	16.0
52	0.4220194800869685	9.06689576349104	-25.03949937735966	18.0
53	0.5696130162509894	8.64237916214494	-25.03949937735966	17.0
54	0.46233382094576214	8.829234485006022	-25.03949937735966	17.0
55	0.44233347765541614	8.946641014789726	-25.03949937735966	17.0
56	0.39435841477530703	8.919130780834715	-25.03949937735966	16.0
57	0.3561743455534305	8.920338318460612	-25.03949937735966	16.0
58	0.3076746824093996	8.954808377694695	-25.03949937735966	16.0
59	0.4097118403775502	8.848623176619727	-25.03949937735966	16.0
60	0.38796923448154147	8.89710625856149	-25.03949937735966	18.0
61	0.22428291803131875	9.082240592550875	-25.03949937735966	16.0
62	0.23085353124369232	9.024764840022584	-25.03949937735966	18.0
63	0.19198507238233645	9.152844097936676	-25.03949937735966	18.0
64	0.2953481339551838	9.044421619375306	-25.03949937735966	16.0
65	0.048649170208422396	9.248714000987393	-25.03949937735966	16.0
66	-0.028423977690647334	9.267509504597111	-25.03949937735966	16.0
67	0.010409894465447623	9.278750541630126	-25.03949937735966	17.0
68	0.07198339963620237	9.3160248052769	-25.03949937735966	17.0
69	0.002821456791025021	9.325888283351839	-25.03949937735966	16.0
70	-0.03978214635082722	9.341949940181955	-25.03949937735966	18.0
71	-0.049247597156412685	9.349689438553003	-25.03949937735966	18.0
72	-0.008671874911128152	9.36198472937576	-25.03949937735966	17.0
73	-0.091288675729131	9.38152530253436	-25.03949937735966	16.0
74	-0.055280755871610694	9.180678402015937	-25.03949937735966	16.0
75	0.03090688905757198	9.20098156995511	-25.03949937735966	17.0
76	0.15507229701026395	9.157164608158405	-25.03949937735966	17.0
77	0.07992320675723795	9.19664054766003	-25.03949937735966	16.0
78	0.22642978087932253	8.962835909042735	-25.03949937735966	16.0
79	0.4777398002349252	8.834138751420875	-25.03949937735966	17.0
80	0.43531892480818	8.701497374339302	-25.03949937735966	16.0
81	0.439042934819848	8.927221607353644	-25.03949937735966	18.0
82	0.3207615044169814	9.063973528819332	-25.03949937735966	17.0
83	0.15549068374434263	9.211879554208263	-25.03949937735966	18.0
84	0.04675323118011359	9.270432701067245	-25.03949937735966	18.0
85	0.09828006624446606	9.229996959755573	-25.03949937735966	17.0
86	-0.06586168402818168	9.438013023575426	-25.03949937735966	18.0
87	-0.003522019273163163	9.291686532387596	-25.03949937735966	16.0
88	0.033362260459252314	9.325251210739047	-25.03949937735966	17.0
89	0.0972057624608416	9.304205462110316	-25.03949937735966	17.0
90	0.06419951808397668	9.251005374410786	-25.03949937735966	16.0
91	0.09153762243987873	9.308118598408642	-25.03949937735966	16.0
92	-0.0671258478069268	9.487097552878824	-25.03949937735966	17.0
93	-0.04649220202729432	9.37784508347556	-25.03949937735966	16.0
94	0.15600086233905877	9.13705696592518	-25.03949937735966	17.0
95	0.21180991754581424	9.105970656427056	-25.03949937735966	18.0
96	0.2044847271690507	8.968348566459644	-25.03949937735966	17.0
97	0.17422060176550855	9.116834309471418	-25.03949937735966	16.0
98	0.17344000513476687	9.174239724523087	-25.03949937735966	15.0
99	0.16992347570607333	9.157125895643611	-25.03949937735966	16.0
0	3.230744974734297	6.4507286794495196	-14.266084179899686	17.0
1	2.689939328958164	6.046552715850457	-14.38992528379383	14.0
2	2.308679031796688	5.271158893417497	-12.650899416751837	13.0
3	1.8628394930511636	4.847205679701925	-13.26798875141434	13.0
4	1.6974214196608155	4.681596749855612	-13.149192486173748	13.0
5	1.4755490580556596	4.567496274198804	-13.75751250788419	13.0
6	1.5396895087531715	4.502131309507917	-13.960652473926514	11.0
7	1.5730230027940038	4.6589317520269224	-12.020590327998276	12.0
8	1.6884303597468684	4.5771679654905775	-12.785298052317264	11.0
9	1.51268199258637	4.599287260350735	-12.866983819445062	12.0
0	3.0815430905476724	6.1373901113362805	-13.316512680508147	15.0
1	2.785864218718453	5.698528126692363	-12.721756639371351	13.0
2	2.5228188101000866	5.443210020525975	-13.21208361566005	13.0
3	2.3779768415477234	5.413968926116992	-12.846042250655776	12.0
4	2.347374234459554	5.643220552200693	-13.576354773357632	14.0
5	2.0279315611181605	5.288503799707806	-13.254042740096484	12.0
6	1.9287507695958204	5.2345112475660125	-14.408229609998212	12.0
7	1.8654486558524817	5.369268351414353	-15.464315155811875	15.0
8	1.682248948804401	5.704546732934907	-17.12554239036411	13.0
9	1.5006525308640224	5.827657111574366	-17.56404840952312	11.0
0	3.921828583441802	6.659699356171068	-14.521733605055708	15.0
1	3.1879737127478607	6.036721153878614	-16.474855156039823	13.0
2	2.646717330972605	5.948106969065559	-17.24868792547269	12.0
3	2.4194512421705068	5.732424634800579	-16.733052563850247	12.0
4	1.929906286135347	5.668497943580434	-16.494614901299425	12.0
5	1.889754861455486	5.073807725813389	-16.9542272295406	10.0
6	1.557058978487742	5.105563419462033	-17.226129252294548	11.0
7	1.4173934425659582	5.276635317080503	-14.03976746734298	10.0
8	1.340433980242944	5.3429656902855465	-14.633054548180159	10.0
9	1.2037075706516303	5.0999787383134425	-14.25188354393806	9.0
0	3.755460249745633	6.564965155980319	-13.97185120200479	14.0
1	3.187012858514346	5.792217585342098	-13.848383084772124	15.0
2	2.7863222627869106	4.8144140575624075	-12.518533891406834	11.0
3	2.214223581305285	4.126748963383367	-13.602637063218257	10.0
4	1.9406408137268103	3.6272255727390754	-13.21868004143169	10.0
5	1.8015819033321818	3.4157979683102666	-13.581561273846214	8.0
6	1.711115924427369	3.49563908776505	-13.28160820797328	8.0
7	1.6118716436386233	3.4329584783814293	-12.340893837253784	10.0
8	1.6611137748176796	3.5082304456602604	-13.883610459768796	10.0
9	1.7026750909155626	3.40622523846033	-13.337159676396006	10.0
0	3.9644070085924015	6.833495710245486	-13.247954261017517	16.0
1	3.4041934011858004	6.3262946845353625	-13.673203437067563	14.0
2	2.8183355801517007	5.617765132813571	-12.895873810411574	14.0
3	2.3967445148660977	5.030995644153046	-13.755514640239358	12.0
4	2.238621181502626	4.63148892205562	-13.799183135739671	11.0
5	1.888915642307825	3.989588196252117	-13.669941521152829	10.0
6	1.726400266014913	4.1850939063984045	-13.36610305457982	9.0
7	1.7166317489768088	4.186141732222533	-13.383636091475001	10.0
8	1.7838183456366878	4.213723995892162	-14.005519969648079	9.0
9	1.5116737473856652	3.9947514937788395	-13.813207435630558	9.0
10	1.464854683318517	4.046010103719017	-14.905116352284077	9.0
11	1.5078695638538524	4.211668373862067	-14.209141661729674	9.0
12	1.6422674547494178	3.719123157408384	-12.715912003395998	9.0
13	1.5610801768473799	3.8740278624554145	-13.28048011899448	10.0
14	1.3873046099706592	3.569288242651631	-13.273898748672474	9.0
15	1.5064404170654377	3.5462429183181507	-13.105740745647735	8.0
16	1.5718954708956472	3.878647356200588	-13.18243256443492	9.0
17	1.4668981027268826	4.23397724296129	-14.731574156127035	9.0
18	1.4353296362182126	3.615081879882272	-14.921794058911225	10.0
19	1.3733215827802818	3.5817033922339605	-12.928951763391066	8.0
20	1.417049222363676	3.6821676317038468	-13.191903470462544	9.0
21	1.1798573945682411	3.386018142281033	-12.880944817561664	8.0
22	1.2423020050499478	3.377039917353144	-12.741035597873273	8.0
23	1.3603802083478487	3.545351362464013	-12.44059317670753	9.0
24	1.3280303874102088	3.390606672120627	-13.873761406298103	8.0
25	1.5188424676470302	3.431553039058276	-10.915920720348945	9.0
26	1.4268403728728243	3.427038242366163	-11.842896208107152	10.0
27	1.3609033061871845	3.5442191375387915	-13.111168971187292	8.0
28	1.436705471852834	3.5408302330071977	-12.692123368590293	9.0
29	1.3986570796506252	3.293303672253656	-12.246214214632353	8.0
30	1.2793741688577294	3.239661137656348	-11.668187022854442	8.0
31	1.324158173661207	3.4297408964918494	-12.879600490835825	9.0
32	1.2157950076986244	3.4590187378767205	-14.256366479789314	8.0
33	1.0229580800514015	3.4770788772324086	-13.940004977367213	8.0
34	0.9379974449419541	3.351788019829798	-15.159812332352288	9.0
35	1.0929169126923706	3.4134846184625816	-13.64267423309509	9.0
36	1.1376892996647516	3.147727847285871	-12.89520260874937	8.0
37	0.990777424950244	3.1652152269496843	-12.741035597873273	8.0
38	1.094253374348038	3.397754131208101	-13.915773089802833	9.0
39	1.081240159078184	3.2151006800480393	-12.741035597873273	8.0
40	1.1167885332781113	3.3989756864755174	-13.338663747684254	8.0
41	1.1758527414438633	3.446287655243892	-13.054263186655323	10.0
42	1.1379306143276788	3.581911519606428	-15.697154856750924	8.0
43	1.0584696619232214	3.339748970440936	-13.610162952133667	10.0
44	0.9404091814547177	3.267363098197393	-13.75412353529428	9.0
45	0.9883215249370583	3.3906813748190285	-13.4607796505495	7.0
46	1.0091355042211583	3.3599430079518413	-14.55165645281399	9.0
47	1.1341581909441778	3.3857680821111393	-12.799940826309381	8.0
48	1.0646449615125737	3.5004266800811155	-13.527550404492086	10.0
49	1.1468819510944743	3.3901452853119554	-13.305523054227269	8.0
50	0.9844231838677422	3.3283019238850406	-12.881931934234371	8.0
51	0.8720753171198797	3.283699789154746	-12.741035597873273	9.0
52	0.9583435201989134	3.283226367155209	-13.446810394888239	7.0
53	1.0336047232288361	3.291494602618282	-13.622754017460304	9.0
54	1.0757273439364297	3.2699814649678296	-11.637848549565094	9.0
55	0.9453026094383925	3.121143579907513	-11.94274457276042	8.0
56	1.2067901264479999	3.409285547695018	-12.954732658118498	8.0
57	1.181607399895411	3.47190097731335	-13.160318375849402	8.0
58	1.197034197763962	3.522272595018293	-13.08743999780572	8.0
59	1.270019936778868	3.476341633375225	-13.291261392191782	9.0
60	1.2584102210127808	3.5359119354612027	-13.054074709997943	8.0
61	1.0716295050480007	3.5109337088261348	-13.853454735419483	9.0
62	1.0068306190959435	3.6440768181798204	-13.645994145944194	10.0
63	1.1183118296817463	3.49222076248196	-14.310150638649798	8.0
64	1.2684451828202299	3.4186067885958633	-13.436888887595822	8.0
65	1.2081388131495199	3.4348810627226785	-14.022235276005063	9.0
66	1.3234966690722996	3.65900774617529	-13.469723863475123	8.0
67	1.3541092114361521	3.5866291488195285	-13.113763092311743	9.0
68	1.341819219903322	3.4288478728696004	-13.491371016662043	9.0
69	1.541619069869852	3.5459933685715495	-12.653937237617683	10.0
70	1.5488126220673726	3.809470691286704	-13.200369543596414	9.0
71	1.5776501005059118	4.00029098420721	-12.332134929554659	11.0
72	1.4906487434606395	4.01787103119923	-13.942435332873544	10.0
73	1.5439524772201376	3.8185876995060237	-13.816332075495216	10.0
74	1.4959777385882833	3.5851876753401886	-13.431201719513183	9.0
75	1.5331456168589142	3.6681572024073263	-14.300242647286325	8.0
76	1.495514950949657	3.754274437502202	-14.7365324111781	8.0
77	1.309571504166543	3.4655240833839236	-13.629238056582617	8.0
78	1.3149032574449149	3.472126184238782	-11.842228003480525	8.0
79	1.307012625855671	3.495687304316631	-14.489808122798815	9.0
80	1.0525028566208199	3.1314926830585668	-11.707151723189108	8.0
81	1.1117421567303678	3.3545725345547344	-12.897653970058414	8.0
82	1.0350887498599242	3.0961779441536437	-11.593129686378287	9.0
83	1.1126164888288799	3.338355930688728	-14.848163629190404	9.0
84	1.1925482083467631	3.2778285718934796	-12.721571539405991	9.0
85	1.1641734895990767	3.4382973141293394	-13.344522416943239	9.0
86	1.083128252239996	3.3143023077994433	-12.849952321352852	9.0
87	1.1206096375175951	3.5518977240103005	-13.184092274597942	10.0
88	1.053168485592835	3.597742555353901	-12.778474725908866	12.0
89	1.2300332900303477	4.056552124393272	-13.851802082223987	9.0
90	1.1101202071882321	4.0097366383615585	-12.31350037671652	8.0
91	1.0211037737966533	4.233125633925585	-14.330386657657144	9.0
92	1.1588044665470258	4.279738359526465	-13.890661342615822	10.0
93	1.215448389599511	3.8892402364263208	-12.71644401104495	9.0
94	1.2751641197515324	3.761443773288533	-12.688031784271628	9.0
95	1.2574920357053099	3.7241361121437	-13.484028716023886	9.0
96	1.16776340317428	3.61636783936914	-11.675552631126468	13.0
97	1.244383923167418	3.5077204634446804	-12.954614641794073	9.0
98	1.1753763745981258	3.3923083967314556	-12.444256903243852	9.0
99	0.9791682046964336	3.0311148740920566	-10.946020247029358	7.0
0	2.796385024575712	7.024387105844135	-14.417609660962183	21.0
1	2.980613477891936	7.299612370466443	-13.831939248162765	20.0
2	2.868679696876545	7.349994187216712	-14.250734247636139	19.0
3	2.85510560144547	7.504794100089194	-13.785321125574693	18.0
4	2.813366179104323	7.5242998970722725	-13.454955290612151	19.0
5	2.6481770955762816	7.516970610969828	-13.828710382165482	18.0
6	2.7232666361747833	7.491984945971646	-13.63866767171098	18.0
7	2.6481469674792457	7.531493970119575	-13.951999559649359	17.0
8	2.6225126596927097	7.595355212476703	-13.518757681581317	19.0
9	2.6043102371990527	7.4959988641721464	-14.63582283551263	17.0
10	2.6990166360446715	7.555430445765934	-14.19629381347809	17.0
11	2.7497359507763237	7.751097464667439	-14.608802255122402	18.0
12	2.8475129370052903	7.950284570994464	-14.382484128483402	19.0
13	2.9190751446513863	8.040169179384636	-14.61715665143985	18.0
14	2.9500201110300677	8.089200743314947	-14.847846103436545	17.0
15	2.9874271582573297	8.130611544321996	-15.095660731420661	18.0
16	3.0959841298293744	8.178132467513315	-14.88171429492516	20.0
17	3.0827091508689684	8.083110242764604	-15.366802240734215	19.0
18	3.068140274886488	8.21435105761886	-14.875145084622135	18.0
19	3.062427402340424	8.111534948127616	-14.908044055184337	17.0
20	3.1368738704985337	8.284737899009915	-14.873135533886892	19.0
21	3.2181157499456776	8.287544543735802	-15.45582742309111	21.0
22	3.2680582473100706	8.30674018632644	-14.728495432491993	18.0
23	3.3312814117427227	8.440181441853479	-14.921931097699716	19.0
24	3.3634600978348472	8.258043074836758	-14.89775468809745	19.0
25	3.4064067838695267	8.30681417047079	-14.89775468809745	20.0
26	3.3036197035054498	8.102102045096268	-14.975375281077064	20.0
27	3.1500474499540645	8.227260821958186	-14.92844553143128	18.0
28	3.1162463935215823	8.223186670867056	-15.459354406994436	18.0
29	3.0445312821610364	8.086883874880526	-15.016901118140634	20.0
30	3.0098878864013843	7.938892807642777	-14.696068302658176	18.0
31	3.0108836796065095	8.173687560291972	-15.129714115596535	19.0
32	3.2176870532931234	8.113813424745326	-15.702811998155106	19.0
33	3.2284324063711796	8.23873749976835	-15.911511976649962	19.0
34	3.1862465879891255	8.332526111592367	-15.721996892213756	19.0
35	3.3201191665135465	8.221437766453912	-16.3845560212229	20.0
36	3.113922212758432	8.225400040106065	-15.683611447578064	20.0
37	2.932452966480015	8.255202733859175	-16.8856160084084	17.0
38	2.8101057955421163	8.217921857139768	-16.265342011661268	19.0
39	2.6845296950654145	8.235145505701558	-16.169723921562323	19.0
40	2.7311562311015822	8.321905474128219	-16.53943520020902	18.0
41	2.6995457172975255	8.256416219352602	-16.5619442588958	17.0
42	2.740139790728133	8.316740659663793	-16.3845560212229	17.0
43	2.7811320936765473	8.578204826314762	-16.5619442588958	20.0
44	2.9722466845308775	8.704666104937402	-17.01692059917813	18.0
45	3.055338777494111	8.69219814334831	-16.91997537854344	19.0
46	2.9997991317943704	8.88059729133195	-17.24535170347289	17.0
47	3.084752322696083	8.833633702531603	-17.39750348188872	19.0
48	2.9908873734495067	8.669738574657696	-17.735168626583032	18.0
49	3.022565293316833	8.701935330198465	-16.976081205082547	18.0
50	3.149853338304719	8.980683919802468	-17.678187727010975	20.0
51	3.069989162903089	8.98678839094009	-17.52116290297805	19.0
52	3.14558086647056	9.117854261779705	-17.398970352994326	19.0
53	3.1068960095171283	9.07335291320254	-17.2683503273213	19.0
54	3.1900567618035907	8.90295268522146	-16.87699020727024	18.0
55	3.0365942180721084	8.925344283189991	-17.405528788216202	18.0
56	3.105999777894757	8.988560905469113	-17.405528788216202	19.0
57	3.134540615497971	9.047843157265305	-17.62051180448153	19.0
58	3.1362387353476806	9.112184167423697	-17.62051180448153	20.0
59	3.106648932689826	9.155988558096402	-17.588418613943993	19.0
60	3.214254083461649	9.178818842385356	-17.588418613943993	18.0
61	3.1764445105454837	9.288122301065243	-17.62051180448153	19.0
62	3.125853914677569	9.213150247671617	-17.715631738505923	19.0
63	3.146344956872694	9.191049550462438	-17.65042223350266	20.0
64	3.167569256684414	9.193896276152898	-17.405528788216202	19.0
65	3.2107645992598894	9.308225855813555	-17.529928473332408	19.0
66	3.1264155959557085	9.179395438638963	-17.405528788216202	19.0
67	3.1579509186175514	9.254293403824335	-17.62051180448153	19.0
68	3.128428521940761	9.282088135535789	-17.45477846166289	19.0
69	3.192336594931307	9.112534870008224	-17.792950876442987	20.0
70	3.0877527775381584	9.212000638815203	-17.405528788216202	19.0
71	3.0661452545952033	9.215639926525265	-17.405528788216202	18.0
72	3.1595870653714573	9.263560489105803	-17.62051180448153	18.0
73	3.2470757693938817	9.091553266901542	-17.405528788216202	18.0
74	3.0827678517542063	9.174943410185316	-17.792950876442987	19.0
75	3.1891315533345512	8.982775848844117	-17.405528788216202	19.0
76	3.1019142116761302	9.09749034759552	-17.62051180448153	20.0
77	3.0749732713985893	9.31826930344519	-17.62051180448153	19.0
78	3.1435408497718216	9.212783717096972	-17.62051180448153	19.0
79	3.0831146104526916	9.333809054637575	-17.62051180448153	19.0
80	3.0978236953702707	9.243640551738439	-17.405528788216202	19.0
81	3.0852359898335355	9.297060725455454	-17.62051180448153	20.0
82	3.169676754320969	9.140438965895887	-17.405528788216202	19.0
83	3.0641485912274824	9.339133593226071	-17.62051180448153	19.0
84	3.0026764758565214	9.266611289241816	-17.405528788216202	18.0
85	3.105854138536665	9.252388853637747	-17.405528788216202	18.0
86	3.085666204230712	9.142586259001268	-17.405528788216202	18.0
87	3.1117634721576413	9.283248116839726	-17.405528788216202	19.0
88	3.1495603569966897	9.264742388804333	-17.45656632812171	18.0
89	3.086483051500628	9.253324033676387	-17.62051180448153	18.0
90	3.186712550310437	9.229956246067287	-18.292989630248	18.0
91	3.1731557683414056	9.228080426105617	-18.292989630248	19.0
92	3.0715670206103423	9.219968360681202	-18.336275205861327	18.0
93	3.0021801537212105	9.323464873099569	-18.336275205861327	19.0
94	3.072895738446023	9.216443882880425	-18.292989630248	18.0
95	3.0448459704812794	9.163364074182967	-17.758173249064527	18.0
96	2.9819234353263435	9.044020263806841	-18.336275205861327	18.0
97	2.963237273773569	9.148475266060453	-18.109638375231263	17.0
98	3.0647988760764657	9.13496351234008	-18.336275205861327	17.0
99	3.099234290835725	9.15690664538046	-18.336275205861327	18.0
0	2.488010346585689	6.797623970631213	-13.977224588107491	18.0
1	2.345146536315724	6.795339975560634	-14.226508164903688	17.0
2	2.286610232153936	6.942076312750547	-14.586292589858683	19.0
3	2.1102526389957514	6.860702472810029	-14.66590542759683	18.0
4	2.0182210908261458	6.785616164024667	-14.429019628358777	17.0
5	2.0211827559042193	6.786373169726662	-14.09377983689648	17.0
6	1.9639408240402456	6.851723444785354	-14.922918575226188	17.0
7	2.1407183471332143	7.103599832114274	-14.444451957209743	17.0
8	2.097719609222262	7.069480138301385	-14.832227778304762	17.0
9	2.003946263689065	7.156178104117431	-16.03828281800151	17.0
10	2.172126853573728	7.292165989732532	-15.398808371398463	17.0
11	2.066417821628472	7.286066251972136	-16.4547189950613	17.0
12	1.8986240104225376	7.3351949047436475	-16.4547189950613	17.0
13	1.745751168257756	7.229955732617495	-16.02195210581354	17.0
14	1.6740840751316055	7.3015081726753195	-16.29624050116775	17.0
15	1.63107927248313	7.325615603390106	-16.33529150674702	16.0
16	1.482688350204465	7.462029298830304	-16.33529150674702	17.0
17	1.5782891105504724	7.621677871493523	-17.932001108006517	17.0
18	1.6113147735058615	7.6275225055009	-17.16400558011579	18.0
19	1.5720134467700033	7.644067764783167	-18.549413984612627	16.0
20	1.554014119332531	7.88901599506041	-18.327696583609054	18.0
21	1.5327574117364975	7.771809816429283	-18.987226667502675	18.0
22	1.4212010923957301	7.864889384436424	-19.12898124643509	18.0
23	1.4122926192830911	7.856119092901049	-19.12898124643509	17.0
24	1.2632793173194945	8.061498235220732	-19.69074729033565	17.0
25	1.3266515412332416	8.177985819647139	-18.706179047712226	18.0
26	1.3774512703337878	8.256127837975233	-21.315959832651917	19.0
27	1.191802411413223	8.358133270148015	-20.118501002723818	17.0
28	1.18959820206189	8.489898318146503	-21.34023078923778	19.0
29	1.2557558393575716	8.398357586082184	-21.34023078923778	19.0
30	1.1656419320779565	8.54262759947125	-21.34023078923778	18.0
31	1.0266368053306076	8.642016854297072	-21.34023078923778	17.0
32	0.8909108741528553	8.781430050063117	-22.16187840803621	17.0
33	0.7724927013999702	8.985354795986812	-21.755738401531843	18.0
34	0.8003929972682959	8.872557553890978	-22.00096469462516	19.0
35	0.875848395744113	8.857084460200191	-22.076718761731534	18.0
36	0.8455229967810279	8.835374428668255	-21.732723067440705	19.0
37	0.9491701088540089	8.631176383800602	-22.145174518898465	18.0
38	0.8835649482724452	8.887678373772422	-22.00096469462516	17.0
39	0.7890570033401577	8.894395920612428	-22.00096469462516	19.0
40	0.8455167658272856	8.936517428368541	-21.732723067440705	18.0
41	0.8335020968423819	8.809528234559325	-22.733427907083446	18.0
42	0.7891184748562533	8.977898990135733	-22.733427907083446	18.0
43	0.7758733964156802	8.94171392909589	-22.04649448445661	17.0
0	2.614467725033691	6.831371989948768	-12.780532041929748	19.0
1	2.5349273453750696	6.786969520222493	-13.993991953099584	20.0
2	2.639407405795188	7.014008341742745	-13.715286026634411	18.0
3	2.6865436406092624	7.1886108328419756	-14.22865867649803	19.0
4	2.3524848580685576	7.118116915126195	-15.541564937823516	19.0
5	2.150027236297865	6.882597733930937	-14.363336017378462	18.0
6	1.9984001729266303	6.96129863286925	-15.365585056732339	19.0
7	1.7112342066594874	6.638877466816532	-14.111938142434354	18.0
8	1.5418115991524886	6.7473882906018625	-15.755129124420208	17.0
9	1.5218963790961841	6.7314796088398	-16.029928742065184	17.0
10	1.5664798947387746	6.825502307407781	-14.888047841027305	18.0
11	1.5168528801106596	6.837623079974267	-14.409088684898897	18.0
12	1.1804389167224068	6.663806509491331	-15.867416210949887	19.0
13	1.1044649760079537	6.710995982600849	-16.01672907105047	18.0
14	1.1465211335577392	6.655875159225522	-17.188844054417466	15.0
15	1.0284612520982448	6.65119495610415	-15.992337004959339	16.0
16	0.9480612341344768	6.575475420157226	-16.84865946498331	17.0
17	1.0131175660913168	6.639696017098777	-16.726142111514243	16.0
18	0.815698694274056	6.510413453056042	-16.291410285270697	15.0
19	0.8865163743505546	6.620393224048381	-16.2426213896801	14.0
20	0.9367782842856653	6.658741423579457	-16.848532827069583	16.0
21	0.9218594806864654	6.574993248831882	-16.466709942989766	15.0
22	0.6525549720943842	6.721338368463529	-17.045756212194647	13.0
23	0.9213806914833004	6.634302790890127	-18.043637202082355	14.0
24	0.8583321100112022	6.647923579044569	-17.105500095249557	13.0
25	1.0988664796613428	6.610216047997194	-17.62889868766178	15.0
26	0.9389687524402293	6.632580477629228	-17.86298211957151	13.0
27	0.8165667588873788	6.855082815950489	-18.185704632759528	13.0
28	0.4760639461060024	6.779481804526422	-18.185704632759528	14.0
29	0.36229347415978674	6.925369387312119	-18.415222382732416	12.0
30	0.3596484436706771	6.774749908799678	-18.270108808875055	12.0
31	0.29444686015208327	6.935380562350726	-18.185704632759528	12.0
32	0.3131343919428712	6.8654378596437455	-18.185704632759528	13.0
33	0.3361693397822242	6.870037747400137	-18.185704632759528	13.0
34	0.3126827164266552	6.910942164786279	-18.9057756062143	13.0
35	0.3782638008679742	6.725918277864899	-18.086771834254037	12.0
36	0.37416495166675084	6.850909762709491	-18.414328149200887	14.0
37	0.5168544333869164	6.699068195461456	-18.02404575968843	12.0
38	0.4189093897110292	6.810592931873215	-18.414328149200887	12.0
39	0.40770319109959247	6.80027657649538	-18.414328149200887	11.0
40	0.4306505392427064	6.835470032834505	-18.414328149200887	11.0
41	0.5384138742096864	6.777281963210211	-18.68020368623493	12.0
42	0.2178005657750644	6.771248296022676	-18.43132452891659	11.0
43	0.11453110420120508	6.79047638769663	-18.398982050431876	11.0
44	0.21652765345438207	6.73093695184682	-18.67757054684037	11.0
45	0.2604909078347595	6.703905315496571	-18.548876328457723	12.0
46	0.2527720880527407	6.649773092941209	-18.083480783924728	13.0
47	0.3854284566060798	6.558218709314189	-17.159923683766294	12.0
48	0.3840294013725216	6.698688022191333	-17.77851276095031	12.0
49	0.1269942894023404	6.725738229023266	-17.95953581928607	13.0
50	0.057917088580372374	6.833424173210093	-18.305525482577963	12.0
51	0.2396395478405181	6.942812939707485	-18.687976718826512	13.0
52	0.2141396016275168	7.041117771025941	-18.294741962713772	11.0
53	0.3555935067669832	7.147216969173876	-18.72757298848341	12.0
54	0.5634371568903569	7.1421336483970554	-18.72757298848341	14.0
55	0.30451132830074984	7.084701897631719	-18.72757298848341	12.0
56	0.3935075163170984	6.9780558645512425	-18.060860641563064	14.0
57	0.3524195219721806	6.975877582671844	-18.24728751346227	14.0
58	0.5010902812590292	7.131155768613855	-18.32944425728552	14.0
59	0.40006835684622194	7.203644082832972	-18.32944425728552	15.0
60	0.3760713756905058	7.241071361335266	-18.279027414382995	13.0
61	0.4505721481846794	7.176425106552379	-18.489434283730336	15.0
62	0.45806469462965466	7.202421719077662	-18.1177235576445	13.0
63	0.5862936685880175	7.158472464455676	-17.75038450518332	13.0
64	0.5505737873569946	7.122242734969887	-18.67419671446678	12.0
65	0.7375147471351428	6.985045404967316	-18.122323965610924	13.0
66	0.7655653783318662	7.018778007732464	-17.54397526716994	15.0
67	0.5918641669735932	7.074824794406222	-17.907967724327623	13.0
68	0.5067478708043796	7.173240691002751	-18.279027414382995	12.0
69	0.6539989544705592	7.201984397215874	-18.382004405145054	14.0
70	0.9336620407519656	7.107617527975405	-18.02791955728799	16.0
71	0.9502461418615405	7.048613370627925	-18.15627009218995	15.0
72	0.9380740493323684	6.988436351148409	-17.08814735175389	13.0
73	1.0773467560850518	6.892700415331023	-17.22100315314071	14.0
74	0.9661667216376075	6.879498742765318	-17.764759657356898	13.0
75	0.8110638381900256	6.824982232918358	-17.279895357440676	13.0
76	0.827619559730173	6.856827576537542	-17.495115910425557	13.0
77	0.5749209973557022	6.918980517480949	-17.51186647658812	13.0
78	0.6458956149298453	6.939191934318473	-18.204298436009616	12.0
79	0.583771380530039	6.872002650200548	-17.5675596265408	11.0
80	0.8158158846097658	6.809735376090593	-17.678902837097553	12.0
81	0.6737636140271095	6.769762783425158	-18.039892062106745	13.0
82	0.7588384555217721	6.895854174997527	-18.014823643194127	14.0
83	0.4958228690525814	7.065326328929099	-17.660252907098723	12.0
84	0.8256613542017903	6.997203261975956	-17.767134403836906	14.0
85	0.7364824232712327	7.054299947999794	-18.32188514234998	12.0
86	0.6610420725525126	6.899078018590333	-18.198183201995043	13.0
87	0.6790638516640024	6.966988733135586	-18.198183201995043	14.0
88	0.683866184542248	7.07840629418368	-18.198183201995043	13.0
89	0.6091096871617496	6.850268681665677	-18.166311509230788	13.0
90	0.5500833523952877	6.93475114053437	-17.938726222732534	13.0
91	0.5413337956186415	6.932085029494499	-17.721096977145976	13.0
92	0.5804095344458888	6.928933736542087	-17.721096977145976	12.0
93	0.5589255690729267	6.767382645870913	-17.401789526118662	12.0
94	0.4653507583522332	6.804623788848612	-18.134438188096446	12.0
95	0.3527239873601451	6.8722182421614	-17.794446416563794	12.0
96	0.3161779093363882	6.837104457711408	-18.912584861561697	12.0
97	0.2792089841260342	6.804556451453639	-17.794446416563794	12.0
98	0.3479604745986983	6.739091098513698	-17.794446416563794	11.0
99	0.3478669139319999	6.863124428361039	-18.912584861561697	12.0
0	3.8684244157763246	6.884546295877872	-14.383304920762345	16.0
1	3.5806464546542274	6.182188614506609	-14.057909658481492	14.0
2	2.8994875678671406	5.204116054704501	-12.333287609702332	12.0
3	2.4091172704504413	4.664977475394739	-14.083505069193656	12.0
4	2.205356407488249	4.401875262136421	-14.535896330660716	11.0
5	2.2418064028558113	4.436336068773436	-14.797955729692298	10.0
6	2.318031213351594	4.380201035073459	-13.291342605469506	10.0
7	2.267061110665297	4.246321268384613	-11.239595944207618	10.0
8	2.2778187074375786	4.295094920855687	-12.191010445338222	10.0
9	2.019776847035939	4.442625657300951	-13.628731361136191	10.0
10	2.0066893225209292	4.2822791615520925	-13.25202402384074	10.0
11	2.0362972374335992	4.2245377528689225	-13.858592888296844	10.0
12	2.086542945656194	4.2682897126417885	-14.71111388130321	10.0
13	2.1073838369983537	4.237168735074618	-16.278420332982684	11.0
14	1.9487353103253395	4.30415249049334	-13.535729840497375	11.0
15	1.847894506134182	4.130009273189701	-13.763727341700992	9.0
16	1.6877708882485774	3.89837314839977	-12.807871600275915	9.0
17	1.5913020286039	3.9190973276363796	-12.723702618668424	11.0
18	1.7046758225171672	3.981245376582365	-12.80544052459927	11.0
19	1.7969846545065606	3.854947349913225	-9.194485215049129	10.0
20	1.7347544796042884	3.946776104722646	-14.047184236061781	11.0
21	1.8384695662696737	4.034419968716386	-11.86777231710008	11.0
22	1.6244458211398105	3.8741905549661526	-11.475224814923108	10.0
23	1.4313541785161468	3.823102570979485	-12.308115196137482	9.0
24	1.4991659118813323	3.9097931194357525	-11.87416927130809	10.0
25	1.1453789141745012	3.5612116029862273	-9.813934889130282	9.0
26	1.3298157849057186	3.829379478983131	-12.22773727488037	9.0
27	0.9754600920821838	3.4382419310211687	-12.218079547164333	8.0
28	0.9810502980454128	3.6426608576216033	-12.963196842645155	9.0
29	1.0019726414991033	3.537014196896397	-12.797620572109071	11.0
30	0.9949038000254261	3.4786859083017814	-14.660468117301129	9.0
31	1.1101804630595353	3.6427177239217903	-11.659559424173498	9.0
32	1.1351646195907654	3.5553049174659264	-12.625372108919034	8.0
33	1.27134752847134	3.6196001097766115	-10.58028383420031	9.0
34	1.2283736751080812	3.6921813829919574	-11.247072141081322	9.0
35	1.1794047511162198	3.8855719285484853	-13.566040085163644	9.0
36	1.1200832710628115	3.6762629919322114	-12.466004642968587	9.0
37	1.071906561142081	3.6588509536479914	-11.386135984521651	8.0
38	1.0885981949859234	3.8619913990078567	-12.118319456457197	9.0
39	0.9448321570732661	3.5988789655837015	-13.015832234846263	8.0
40	0.9812309395827499	3.5564967248400565	-10.908984716043305	8.0
41	1.0250367337259836	3.50415704142377	-10.946020247029358	8.0
42	1.05967729554687	3.571776365770263	-12.054772250314713	8.0
43	1.0388472156501156	3.77280635601292	-12.878560310729172	9.0
44	0.9886574753085406	3.5283908226818337	-13.087408390866834	8.0
45	0.8833116448474675	3.528886767828309	-14.149464741827849	9.0
46	0.9687465196597979	3.5019032615050367	-11.173104337837255	8.0
47	0.9215845391914846	3.6278435465783607	-13.090848625227473	11.0
48	0.9290275412892954	3.588598642498753	-13.45928840386167	9.0
49	0.9488440034742535	3.6231048382650104	-11.785941559804572	10.0
50	1.0012798599494135	3.5912554259551297	-11.342836860353632	8.0
51	0.8389449976709686	3.4364976534296185	-13.461002170766665	9.0
52	0.8711150214278268	3.545802747773045	-13.461002170766665	8.0
53	0.8848611902426088	3.62233066096795	-12.562819162460695	9.0
54	0.9167701976560363	3.599071546351064	-12.825474531735084	9.0
55	0.8643637830016736	3.6700599051512977	-11.753944464088635	8.0
56	0.794714763890101	3.394721815256644	-11.134101939391336	8.0
57	0.9601694242363958	3.584611533397395	-12.646472033505177	9.0
58	0.8419544074540275	3.452769388037048	-11.928536438462585	9.0
59	0.9396737254497471	3.6108540300335688	-12.659017072119674	8.0
60	0.7425301574252837	3.3204586746327105	-11.340268172125551	8.0
61	0.7403012727522111	3.4254677943911767	-11.905499926972418	7.0
62	0.77384050533412	3.4423299597854493	-12.22640426257631	8.0
63	0.8810745716333058	3.6472254573905154	-11.530754806258127	10.0
64	1.0193171802334036	3.6205734719329876	-13.393420279085543	9.0
65	1.0411227632253468	3.646852914866507	-12.099320248065002	8.0
66	1.1639426606823937	3.735207142704714	-12.257756594355968	9.0
67	1.2157396425173363	3.811113655855568	-11.08891186853898	11.0
68	1.3779073108055095	3.8493931546547104	-12.207985689681232	11.0
69	1.2690645703469035	3.7958323748732594	-12.787041108911362	9.0
70	1.046077110255035	3.710433441861684	-11.383002354236439	8.0
71	1.0954359441415025	3.680199664539211	-11.456955055561867	9.0
72	0.8815778808379426	3.5746368193090614	-14.126207144282336	8.0
73	0.9766168836714785	3.7138382298774326	-12.090662351131941	11.0
74	1.053312120401054	3.6527359807111495	-12.258070460539544	8.0
75	1.0523603436641682	3.8646176827366387	-13.14958837419453	10.0
76	0.9093117080516644	3.703542086873562	-13.408594923414228	8.0
77	1.0227082454962773	3.817555372456118	-12.659017072119674	10.0
78	1.2233614824304329	3.7282500268637255	-10.884736835888141	9.0
79	1.1847396616210986	3.735072122561384	-11.181624234777399	9.0
80	1.2908105872547782	4.021685907530882	-12.00091184991894	10.0
81	1.3432477774137772	3.854107253182488	-13.12029432363053	9.0
82	1.3525290119677766	3.9791113455395735	-12.216220700765788	9.0
83	1.5799364799468205	4.034426068295199	-12.495635402547956	8.0
84	1.500052400251271	4.255828184632569	-13.089013941160394	10.0
85	1.4744508403993892	4.078160798437803	-13.918675047201525	9.0
86	1.4513232238032785	4.092323320025215	-12.947602047009893	10.0
87	1.5730300535392234	4.321887159331956	-13.533874025165485	10.0
88	1.66922219459676	4.214054806357537	-14.174927596515275	9.0
89	1.4110055179584107	4.062992929988724	-13.788778492511254	8.0
90	1.3306712077639975	4.316042520724783	-12.3893010294015	10.0
91	1.1595585337998577	4.145033432224421	-13.607366998371473	9.0
92	1.1808733716090778	4.166459061256024	-13.069157733258303	10.0
93	1.2991118969751672	4.072462340202595	-12.265699571683303	11.0
94	1.3263493463772145	3.8568975685532436	-12.401667268692469	10.0
95	1.2094381206890161	3.518596797325271	-12.151947747849427	9.0
96	1.1105584463672626	3.57179878414012	-12.043460411893925	8.0
97	1.0843077064223534	3.421940132374034	-12.598870546018377	8.0
98	1.1447184934958845	3.4178085514108916	-11.925218759882732	8.0
99	1.0824345290748705	3.374281105545477	-12.087910936272872	9.0
0	3.5440277867456924	6.725348138168172	-14.052143249820716	16.0
1	3.2522815153265006	6.14265148674487	-13.68466741395622	13.0
2	2.993213741894076	5.509734599130261	-14.187216711281737	13.0
3	2.621538161164912	5.118062471973129	-12.358920031743793	13.0
0	3.862171768060489	6.579928009447148	-13.265050517310035	16.0
1	3.1385621661168046	5.890872570931718	-12.57888308138595	13.0
2	2.7458269604436905	5.330697679055958	-13.350584112721544	11.0
3	2.232489040412495	4.620153268954852	-12.203556244114148	11.0
4	2.014618491945414	4.413721837651922	-12.846566770573922	10.0
5	1.897621478818445	4.210069745228622	-11.710453379610364	10.0
6	1.8189416680074595	4.191184006578776	-12.645257610691507	12.0
7	1.855125826630296	4.3193514408257805	-12.92838830432114	11.0
8	1.7321545251633252	4.2988529094343075	-12.813642056966298	10.0
9	1.6165336649137219	4.329796175198707	-14.71894150707162	10.0
10	1.560712439713056	4.676574131449011	-13.131316911462383	11.0
11	1.4082946542443966	4.587916733952401	-13.718321454791225	12.0
12	1.2903676167076221	4.904038628186254	-15.845437323972476	12.0
13	1.4498930379478396	4.764423762134675	-14.268900684170251	10.0
14	1.2841041469929164	4.71284379480146	-14.510178919468057	11.0
15	0.9924079570518815	4.783829807408535	-16.66322301402195	10.0
16	1.078246677344118	4.7703502113555585	-15.175571837522073	10.0
17	1.0382821511604197	4.655310930641273	-14.361201372851813	10.0
18	1.0954740006360224	4.429687226791596	-13.239613457717535	12.0
19	1.1556453992175593	4.5184951403274844	-13.413002070946778	10.0
20	1.329079701025185	4.419946335958626	-14.297886500309989	12.0
21	1.2230959935043946	4.187443195206701	-14.002022602696709	10.0
22	1.2841121848377455	4.279141961193781	-14.139411931714719	10.0
23	1.2294659149912217	4.251032768636634	-13.316363467064082	9.0
24	1.2517441369684013	4.452255848441825	-13.422612751192533	11.0
25	1.1306865682797715	4.416031430708927	-13.845081471084228	10.0
26	1.141094226147282	4.606000222706196	-14.818347627427768	12.0
27	0.929305530164491	5.0102318317061165	-14.857135537551322	12.0
28	0.8009864429210388	4.9344287958979285	-15.154670348746958	10.0
29	0.94810054441703	5.22643901655155	-16.46821348361311	12.0
30	1.108306538138145	5.066100216070066	-15.209618761990075	12.0
31	1.0644485242154769	5.024131513035452	-16.22416859717285	12.0
32	1.1686421632481219	4.913984883074653	-15.886095034132406	13.0
33	0.8657833786889236	5.227697168105971	-16.118629578957854	11.0
34	0.7635308480307732	5.255147710835874	-15.83739633866159	10.0
35	0.7244350693226281	5.244063929095506	-16.122770799704092	10.0
36	0.6262345579578625	5.3558373410112425	-15.577131475405043	10.0
37	0.5882929898936863	5.615191452334843	-15.850678048886948	12.0
38	0.6480422023612571	5.542060191937965	-15.110713480595603	12.0
39	0.3792574653325402	5.582328813833975	-14.779003415862531	10.0
40	0.18313711904238747	5.752445373467044	-15.094201084387581	12.0
41	0.3043128970221979	5.7887203810174155	-16.993792835654727	12.0
42	0.4027035038929013	5.673311084753303	-15.160338669590722	10.0
43	0.49670745556882234	5.712828487151411	-15.593263130906935	11.0
44	0.2893250392416882	5.639924428913539	-15.051666244562961	10.0
45	0.2750962805871472	5.735964365963127	-15.746425068608309	9.0
46	0.2414212194695029	5.643406140188226	-15.029580214855365	10.0
47	0.27965051612771813	5.707555411268677	-15.512556769014832	10.0
48	0.31178473095840276	5.78016599568234	-15.029580214855365	10.0
49	0.27441135358854307	5.76292413376298	-16.080368844879203	10.0
50	0.32299398198445756	5.518776284632412	-15.049760819071095	10.0
51	0.5664470490119978	5.489784261856626	-15.007296716757047	11.0
52	0.667890683361791	5.199616758568877	-14.857386798550614	11.0
53	0.7043842181018911	5.188649105631453	-15.056584403854014	10.0
54	0.6120846110510927	5.278770436801669	-15.965630195512162	10.0
55	0.6646310810093617	5.439162976759412	-15.456559511998151	11.0
56	0.7989752232184908	5.503712457403245	-15.030530382556133	11.0
57	0.6918166875026921	5.54770033334577	-15.83739633866159	9.0
58	0.5667797812512757	5.638074968846091	-16.028047289018442	12.0
59	0.7397335560846146	5.645553674225937	-15.357847085851336	10.0
60	0.8632899271656405	5.366563567631422	-15.111692837004345	10.0
61	0.89987580979865	5.204277506601321	-16.337309288861636	10.0
62	1.0730175630313197	4.9394384722160245	-16.344967974537145	10.0
63	1.186947582223503	4.456118185456857	-15.378556246304798	10.0
64	1.1595668582471612	4.209390598279641	-15.088178811062726	10.0
65	1.0558094937544817	4.37985048611871	-14.677435445471605	10.0
66	0.9363455919673779	4.829559738813647	-15.513706691837857	10.0
67	1.055372103640601	4.1809585896379895	-15.479893266747805	10.0
68	1.148025582126888	3.94061385757019	-15.324734527710525	9.0
69	1.1201597882707246	3.865795884224511	-13.658400688459501	11.0
70	1.0184190921012162	3.5971739652588965	-14.28354970222506	11.0
71	1.133161870342051	3.614847870265087	-13.885577980794773	9.0
72	0.9630671780235389	3.495945435648557	-14.297103803044875	10.0
73	0.9471678460080564	3.3270850631924636	-13.893481260500465	9.0
74	1.0313692089500754	3.2984040188691237	-13.545116432394845	8.0
75	1.0035493356237517	3.291766357636615	-13.67114525624182	8.0
76	1.0474044563535017	3.3158526913231037	-13.67114525624182	8.0
77	1.087494651231707	3.2806271960516926	-12.985901027899947	9.0
78	1.2316432009834095	3.5655254140729347	-13.738245579168977	9.0
79	1.2499420500918614	3.4558754314288054	-13.751979578506035	9.0
80	1.1185365472303401	3.583190973564621	-13.577678609886995	8.0
81	1.177800568929155	3.6945700004536564	-15.783965653289776	9.0
82	1.2797756573523638	3.9960403124934327	-15.258075307068871	10.0
83	1.1389774319920747	3.737819351620872	-15.30855416698979	9.0
84	1.111224994353367	3.8430246014988203	-16.861180779686777	8.0
85	1.110452296084944	3.9941184697955525	-16.861180779686777	12.0
86	1.0178994051443429	3.7486982891566467	-15.62324238865284	8.0
87	1.1443735870128453	3.8703103881311285	-14.2181006329338	10.0
88	1.1387010301585234	3.9385757410217277	-13.888563101209414	10.0
89	1.1310968423750187	3.939148915394858	-15.631807459555581	9.0
90	0.9416354412686324	4.4279984702100235	-16.40929692351992	10.0
91	0.8362743675015631	4.618736316747167	-16.457749949321144	10.0
92	0.9680876505297757	4.121455076726047	-14.548002472151351	9.0
93	1.0095635322489636	3.9831502260694633	-15.485803878361471	10.0
94	1.0247924368584276	3.643794083904555	-14.416599424998285	9.0
95	1.190073606853845	3.6765451650928327	-15.62324238865284	10.0
96	1.0956171165963733	3.3687858059485785	-14.329493451739118	9.0
97	1.129741322488994	3.45997210031573	-14.391153408641413	9.0
98	1.2474316613412186	3.5413431880168535	-12.985901027899947	9.0
99	1.1441660062119725	3.4681413312173937	-13.56018447039517	9.0
0	3.8165246353578635	6.60164599617772	-13.939027155814852	17.0
1	3.398609202882197	6.317370567343576	-14.36180421618435	15.0
2	2.8194495968589495	5.693789201706862	-15.403843209516854	13.0
3	2.2392183187969716	5.025597885207838	-14.545985801741026	11.0
4	1.9191410498472916	4.629568347440755	-14.545985801741026	12.0
5	1.918772205731351	4.712988245087366	-15.101412003960531	12.0
6	1.9624502158612938	4.123801599297112	-12.572967402250342	10.0
7	2.017093565737928	4.192378367963103	-14.428716601371661	10.0
8	1.9265884576592542	4.033583801203208	-13.809349598779072	10.0
9	1.6208167951164205	3.8535873680527266	-11.989859904709672	9.0
10	1.4181163730961917	3.6558463372084513	-14.161501434199108	8.0
11	1.4893209855701013	3.728300090260131	-12.490044172644296	10.0
12	1.5089020782912124	3.9838312887565475	-13.92341624641594	10.0
13	1.345997142141036	3.9234487359559505	-15.024104429300314	9.0
14	1.5548910591923277	3.9543389826884545	-12.79694116339169	10.0
15	1.5310470438486015	3.8954437540359854	-11.220082703219752	9.0
16	1.4763370415960708	3.989524897863289	-14.409747446354558	9.0
17	1.3233640622175233	4.102998641584517	-13.882492016519699	11.0
18	1.1914634079469342	4.602488818610045	-13.426854507133873	11.0
19	0.9360967379393557	4.988253283762796	-15.320300158662743	11.0
20	0.8811567271459669	4.762734039710669	-15.561286532755233	11.0
21	0.9765434872198255	4.524646613499658	-15.320300158662743	10.0
22	0.8277560323039558	4.314158767734066	-14.547671959752666	9.0
23	0.9653318461551318	4.014971404315096	-15.37698287068815	11.0
24	0.8654169959475595	4.090437382014909	-14.405007600160351	11.0
25	0.7562310840044836	3.882834504180517	-15.984169487573325	10.0
26	0.7945963975668997	3.789402161241653	-14.61228056473214	8.0
27	0.7689063380739942	3.697313391253957	-16.218232700518037	9.0
28	0.796406472198203	3.4987860610006347	-13.900449532443373	8.0
29	0.8256377766391747	3.399572219732675	-13.215631020786887	9.0
30	0.8132644833532656	3.6477363931158067	-14.539663733786096	7.0
31	0.862670188366295	3.6811701373442878	-13.364275051351886	10.0
32	0.8550680860720923	3.6806936346854404	-14.429381410903408	9.0
33	0.9147297360592824	3.6042061395633946	-14.179883547883623	8.0
34	0.8173980863987882	3.592830364158155	-13.282693315080948	9.0
35	0.8948062995553304	3.5544384661887904	-13.364275051351886	9.0
36	0.9796681336790681	3.6014024345374542	-14.562611300887124	9.0
37	1.0395597058939443	3.744841741897775	-14.276070043812831	11.0
38	1.114598247674102	3.8534466241420864	-14.586854066289616	10.0
39	0.9758875198004701	3.96741159460395	-13.684238827831969	9.0
40	1.1956163018566162	4.057445083111461	-13.933707457474013	9.0
41	1.2574861276279146	3.8030698229871627	-13.83077151443832	10.0
42	1.1180699027994534	3.73363730051338	-13.602965975550923	10.0
43	1.2100675159586671	3.8713811316106264	-14.510591206196954	9.0
44	1.2100487506012376	3.9532995959025707	-12.81480767858292	10.0
45	1.107168088051992	3.929629217883454	-13.8295636333228	11.0
46	1.1880705769254467	4.305154837035443	-14.63777842151443	10.0
47	1.1178341123735709	4.084073178004982	-14.75441418826172	8.0
48	1.1425530801084403	4.048915467950775	-14.482604127740618	8.0
49	1.1725584698147289	3.9909741687268365	-15.671876848982489	9.0
50	1.0441178843137364	3.63300168296311	-11.883973460967528	8.0
51	1.068349561725191	3.5747386255278895	-13.221594395826248	8.0
52	1.072900245199201	3.631409052336517	-12.763648651098993	9.0
53	0.9826499616298646	3.8171681134726536	-13.224457175997022	8.0
54	0.8904926850006258	3.513322186526974	-13.474556122586195	9.0
55	0.8698274863764179	3.6260949651646013	-13.602965975550923	10.0
56	0.8897020812917367	3.4893391065916153	-13.446202149494912	7.0
57	0.8539370156045193	3.5060043889563097	-13.16153513870491	9.0
58	1.074276388662497	3.780036194382873	-13.38772961014586	8.0
59	1.0973219639933562	3.8225967669341343	-15.763358955509982	9.0
60	1.1455650557050014	3.8534207604856774	-14.449039734675473	9.0
61	1.0118960507031258	3.6218726544639317	-12.230115744021187	10.0
62	0.9130641676615768	3.600274269588777	-11.252934070680201	8.0
63	0.9900130119926959	3.6528564002380817	-11.919341876177846	10.0
64	0.934018336400755	3.5984260193663626	-12.793962063217613	9.0
65	0.9235291521175476	3.6018902628572516	-12.297577822376903	9.0
66	1.0563026232179722	3.701407077917838	-13.031403109063442	8.0
67	0.9821667936619989	3.748626466544593	-13.859461703081024	9.0
68	0.9399423094330931	3.3290491551901193	-12.78183570621395	8.0
69	0.9949563366748732	3.6167333524554772	-11.532557885884573	10.0
70	0.907829505870543	3.4229866676883653	-11.272360782462975	9.0
71	0.9202805394047311	3.4902860358184613	-11.288274241283819	8.0
72	1.0120932166373233	3.5083737501185266	-9.998310651952327	8.0
73	1.0664200680487594	3.624262834083378	-11.394314713389125	10.0
74	1.15293171582305	3.6865162545414454	-11.825848915520837	8.0
75	1.155719619404458	3.6939689389322976	-12.402098386085884	10.0
76	1.0945140671311493	3.737657711692825	-11.767481893336328	9.0
77	0.8277926094065098	3.4303969476891165	-11.267129495882434	9.0
78	0.6962470080197404	3.3424217018215474	-12.126249407716411	7.0
79	0.72228890798969	3.39490018589632	-12.35286452743945	10.0
80	0.5871465441524851	3.1259318165359447	-10.56327868206355	7.0
81	0.6974769871159506	3.2417410878406105	-12.640894475498877	7.0
82	0.7270527611742243	3.3245345731301774	-11.478757169356253	9.0
83	0.7135238365124246	3.4735884697749424	-11.727572951491375	8.0
84	0.6268443372454038	3.4874310591409583	-12.903691417883184	8.0
85	0.6453933023920545	3.2777700635357174	-11.938401919597986	8.0
86	0.7072230792393668	3.493044126424896	-11.124187997050278	8.0
87	0.7423324574315944	3.4210447297975843	-13.563353059486857	7.0
88	0.760060420198289	3.3478561586521662	-12.117029823809276	8.0
89	0.8360868116444671	3.5303877191529494	-14.673371578402804	8.0
90	0.9017701394631711	3.6290780785479284	-11.392197618337676	9.0
91	1.1122777511316138	3.7630069882333803	-11.204377744364638	9.0
92	1.1696037839909212	3.864907140775699	-12.720217135923791	9.0
93	1.1237337754993186	3.975034833456026	-13.769379727712675	9.0
94	1.2002277986509657	4.139698396531812	-12.230899514325715	9.0
95	1.0940420717979684	4.069110224294934	-12.939529462202412	10.0
96	0.9407858622398091	4.011735662926544	-14.068300451499503	9.0
97	0.9402880373229917	3.9678414118806553	-13.08634722455159	10.0
98	1.0223962889214957	3.979351391935843	-12.603782198475923	9.0
99	1.038546934722869	3.8770489407258615	-12.109545753373013	9.0
0	3.3542091595735566	6.496933089361773	-13.097879491305589	16.0
1	3.1331374464270456	5.972772304478791	-13.447100468600253	16.0
2	2.6356408180898443	5.367279552862648	-15.436072270307015	12.0
3	2.354491908901081	4.959996832944671	-15.456981828421567	11.0
4	2.2086693785205465	4.717938151095562	-14.10388416728658	11.0
5	1.995951458932032	4.450376491359508	-15.34506621034253	11.0
